Added Component: Designator=C1(Capacitor_0603)
Add component (AddParameter): Name = "ComponentLink1Description"; Value = "SupplierURL"; VariantName = "[No Variations]"
Add component (AddParameter): Name = "ComponentLink1URL"; Value = "https://www.digikey.com/en/products/detail/murata-electronics/GRM188R61E106KA73D/9867922"; VariantName = "[No Variations]"
Add component (AddParameter): Name = "Manufacturer"; Value = "Murata Electronics"; VariantName = "[No Variations]"
Add component (AddParameter): Name = "ManufacturerPartNumber"; Value = "GRM188R61E106KA73D"; VariantName = "[No Variations]"
Add component (AddParameter): Name = "MaxTemp"; Value = "85°C"; VariantName = "[No Variations]"
Add component (AddParameter): Name = "MinTemp"; Value = "-55°C"; VariantName = "[No Variations]"
Add component (AddParameter): Name = "PartStatus"; Value = "Active"; VariantName = "[No Variations]"
Add component (AddParameter): Name = "Price"; Value = "0.32"; VariantName = "[No Variations]"
Add component (AddParameter): Name = "Supplier"; Value = "Digikey"; VariantName = "[No Variations]"
Add component (AddParameter): Name = "SupplierPartNumber"; Value = "490-18214-1-ND"; VariantName = "[No Variations]"
Added Component: Designator=C2(Capacitor_0805)
Add component (AddParameter): Name = "ComponentLink1Description"; Value = "SupplierURL"; VariantName = "[No Variations]"
Add component (AddParameter): Name = "ComponentLink1URL"; Value = "https://www.digikey.in/en/products/detail/samsung-electro-mechanics/CL21A226KPCLRNC/5961270"; VariantName = "[No Variations]"
Add component (AddParameter): Name = "Manufacturer"; Value = "Samsung Electro-Mechanics"; VariantName = "[No Variations]"
Add component (AddParameter): Name = "ManufacturerPartNumber"; Value = "CL21A226KPCLRNC"; VariantName = "[No Variations]"
Add component (AddParameter): Name = "MaxTemp"; Value = "85°C"; VariantName = "[No Variations]"
Add component (AddParameter): Name = "MinTemp"; Value = "-55°C"; VariantName = "[No Variations]"
Add component (AddParameter): Name = "PartStatus"; Value = "Active"; VariantName = "[No Variations]"
Add component (AddParameter): Name = "Price"; Value = "0.39"; VariantName = "[No Variations]"
Add component (AddParameter): Name = "Supplier"; Value = "Digikey"; VariantName = "[No Variations]"
Add component (AddParameter): Name = "SupplierPartNumber"; Value = "1276-6786-1-ND"; VariantName = "[No Variations]"
Added Component: Designator=C3(Capacitor_0603)
Add component (AddParameter): Name = "ComponentLink1Description"; Value = "SupplierURL"; VariantName = "[No Variations]"
Add component (AddParameter): Name = "ComponentLink1URL"; Value = "https://www.digikey.com/en/products/detail/murata-electronics/GRM188R61E106KA73D/9867922"; VariantName = "[No Variations]"
Add component (AddParameter): Name = "Manufacturer"; Value = "Murata Electronics"; VariantName = "[No Variations]"
Add component (AddParameter): Name = "ManufacturerPartNumber"; Value = "GRM188R61E106KA73D"; VariantName = "[No Variations]"
Add component (AddParameter): Name = "MaxTemp"; Value = "85°C"; VariantName = "[No Variations]"
Add component (AddParameter): Name = "MinTemp"; Value = "-55°C"; VariantName = "[No Variations]"
Add component (AddParameter): Name = "PartStatus"; Value = "Active"; VariantName = "[No Variations]"
Add component (AddParameter): Name = "Price"; Value = "0.32"; VariantName = "[No Variations]"
Add component (AddParameter): Name = "Supplier"; Value = "Digikey"; VariantName = "[No Variations]"
Add component (AddParameter): Name = "SupplierPartNumber"; Value = "490-18214-1-ND"; VariantName = "[No Variations]"
Added Component: Designator=C4(Capacitor_0603)
Add component (AddParameter): Name = "ComponentLink1Description"; Value = "SupplierURL"; VariantName = "[No Variations]"
Add component (AddParameter): Name = "ComponentLink1URL"; Value = "https://www.digikey.com/en/products/detail/murata-electronics/GRM188R61E106KA73D/9867922"; VariantName = "[No Variations]"
Add component (AddParameter): Name = "Manufacturer"; Value = "Murata Electronics"; VariantName = "[No Variations]"
Add component (AddParameter): Name = "ManufacturerPartNumber"; Value = "GRM188R61E106KA73D"; VariantName = "[No Variations]"
Add component (AddParameter): Name = "MaxTemp"; Value = "85°C"; VariantName = "[No Variations]"
Add component (AddParameter): Name = "MinTemp"; Value = "-55°C"; VariantName = "[No Variations]"
Add component (AddParameter): Name = "PartStatus"; Value = "Active"; VariantName = "[No Variations]"
Add component (AddParameter): Name = "Price"; Value = "0.32"; VariantName = "[No Variations]"
Add component (AddParameter): Name = "Supplier"; Value = "Digikey"; VariantName = "[No Variations]"
Add component (AddParameter): Name = "SupplierPartNumber"; Value = "490-18214-1-ND"; VariantName = "[No Variations]"
Added Component: Designator=C5(Capacitor_0603)
Add component (AddParameter): Name = "ComponentLink1Description"; Value = "SupplierURL"; VariantName = "[No Variations]"
Add component (AddParameter): Name = "ComponentLink1URL"; Value = "https://www.digikey.com/en/products/detail/murata-electronics/GRM188R61E106KA73D/9867922"; VariantName = "[No Variations]"
Add component (AddParameter): Name = "Manufacturer"; Value = "Murata Electronics"; VariantName = "[No Variations]"
Add component (AddParameter): Name = "ManufacturerPartNumber"; Value = "GRM188R61E106KA73D"; VariantName = "[No Variations]"
Add component (AddParameter): Name = "MaxTemp"; Value = "85°C"; VariantName = "[No Variations]"
Add component (AddParameter): Name = "MinTemp"; Value = "-55°C"; VariantName = "[No Variations]"
Add component (AddParameter): Name = "PartStatus"; Value = "Active"; VariantName = "[No Variations]"
Add component (AddParameter): Name = "Price"; Value = "0.32"; VariantName = "[No Variations]"
Add component (AddParameter): Name = "Supplier"; Value = "Digikey"; VariantName = "[No Variations]"
Add component (AddParameter): Name = "SupplierPartNumber"; Value = "490-18214-1-ND"; VariantName = "[No Variations]"
Added Component: Designator=C6(Capacitor_0603)
Add component (AddParameter): Name = "ComponentLink1Description"; Value = "SupplierURL"; VariantName = "[No Variations]"
Add component (AddParameter): Name = "ComponentLink1URL"; Value = "https://www.digikey.com/en/products/detail/murata-electronics/GRM188R61E106KA73D/9867922"; VariantName = "[No Variations]"
Add component (AddParameter): Name = "Manufacturer"; Value = "Murata Electronics"; VariantName = "[No Variations]"
Add component (AddParameter): Name = "ManufacturerPartNumber"; Value = "GRM188R61E106KA73D"; VariantName = "[No Variations]"
Add component (AddParameter): Name = "MaxTemp"; Value = "85°C"; VariantName = "[No Variations]"
Add component (AddParameter): Name = "MinTemp"; Value = "-55°C"; VariantName = "[No Variations]"
Add component (AddParameter): Name = "PartStatus"; Value = "Active"; VariantName = "[No Variations]"
Add component (AddParameter): Name = "Price"; Value = "0.32"; VariantName = "[No Variations]"
Add component (AddParameter): Name = "Supplier"; Value = "Digikey"; VariantName = "[No Variations]"
Add component (AddParameter): Name = "SupplierPartNumber"; Value = "490-18214-1-ND"; VariantName = "[No Variations]"
Added Component: Designator=C7(Capacitor_0603)
Add component (AddParameter): Name = "ComponentLink1Description"; Value = "SupplierURL"; VariantName = "[No Variations]"
Add component (AddParameter): Name = "ComponentLink1URL"; Value = "https://www.digikey.com/en/products/detail/kemet/C0603C104J3RAC7411/12701256"; VariantName = "[No Variations]"
Add component (AddParameter): Name = "Manufacturer"; Value = "KEMET"; VariantName = "[No Variations]"
Add component (AddParameter): Name = "ManufacturerPartNumber"; Value = "C0603C104J3RAC7411"; VariantName = "[No Variations]"
Add component (AddParameter): Name = "MaxTemp"; Value = "125°C"; VariantName = "[No Variations]"
Add component (AddParameter): Name = "MinTemp"; Value = "-55°C"; VariantName = "[No Variations]"
Add component (AddParameter): Name = "PartStatus"; Value = "Active"; VariantName = "[No Variations]"
Add component (AddParameter): Name = "Price"; Value = "0.43"; VariantName = "[No Variations]"
Add component (AddParameter): Name = "Supplier"; Value = "Digikey"; VariantName = "[No Variations]"
Add component (AddParameter): Name = "SupplierPartNumber"; Value = "399-C0603C104J3RAC7411CT-ND"; VariantName = "[No Variations]"
Added Component: Designator=C8(Capacitor_0603)
Add component (AddParameter): Name = "ComponentLink1Description"; Value = "SupplierURL"; VariantName = "[No Variations]"
Add component (AddParameter): Name = "ComponentLink1URL"; Value = "https://www.digikey.in/en/products/detail/kemet/C0603C473J3RACAUTO/3314892"; VariantName = "[No Variations]"
Add component (AddParameter): Name = "Manufacturer"; Value = "KEMET"; VariantName = "[No Variations]"
Add component (AddParameter): Name = "ManufacturerPartNumber"; Value = "C0603C473J3RACAUTO"; VariantName = "[No Variations]"
Add component (AddParameter): Name = "MaxTemp"; Value = "125C"; VariantName = "[No Variations]"
Add component (AddParameter): Name = "MinTemp"; Value = "-55C"; VariantName = "[No Variations]"
Add component (AddParameter): Name = "PartStatus"; Value = "Active"; VariantName = "[No Variations]"
Add component (AddParameter): Name = "Price"; Value = "0.18"; VariantName = "[No Variations]"
Add component (AddParameter): Name = "Supplier"; Value = "Digikey"; VariantName = "[No Variations]"
Add component (AddParameter): Name = "SupplierPartNumber"; Value = "399-6897-1-ND"; VariantName = "[No Variations]"
Added Component: Designator=C9(Capacitor_0603)
Add component (AddParameter): Name = "ComponentLink1Description"; Value = "SupplierURL"; VariantName = "[No Variations]"
Add component (AddParameter): Name = "ComponentLink1URL"; Value = "https://www.digikey.com/en/products/detail/murata-electronics/GRM188R61E106KA73D/9867922"; VariantName = "[No Variations]"
Add component (AddParameter): Name = "Manufacturer"; Value = "Murata Electronics"; VariantName = "[No Variations]"
Add component (AddParameter): Name = "ManufacturerPartNumber"; Value = "GRM188R61E106KA73D"; VariantName = "[No Variations]"
Add component (AddParameter): Name = "MaxTemp"; Value = "85°C"; VariantName = "[No Variations]"
Add component (AddParameter): Name = "MinTemp"; Value = "-55°C"; VariantName = "[No Variations]"
Add component (AddParameter): Name = "PartStatus"; Value = "Active"; VariantName = "[No Variations]"
Add component (AddParameter): Name = "Price"; Value = "0.32"; VariantName = "[No Variations]"
Add component (AddParameter): Name = "Supplier"; Value = "Digikey"; VariantName = "[No Variations]"
Add component (AddParameter): Name = "SupplierPartNumber"; Value = "490-18214-1-ND"; VariantName = "[No Variations]"
Added Component: Designator=C10(Capacitor_0603)
Add component (AddParameter): Name = "ComponentLink1Description"; Value = "SupplierURL"; VariantName = "[No Variations]"
Add component (AddParameter): Name = "ComponentLink1URL"; Value = "https://www.digikey.com/en/products/detail/murata-electronics/GRM188R61E106KA73D/9867922"; VariantName = "[No Variations]"
Add component (AddParameter): Name = "Manufacturer"; Value = "Murata Electronics"; VariantName = "[No Variations]"
Add component (AddParameter): Name = "ManufacturerPartNumber"; Value = "GRM188R61E106KA73D"; VariantName = "[No Variations]"
Add component (AddParameter): Name = "MaxTemp"; Value = "85°C"; VariantName = "[No Variations]"
Add component (AddParameter): Name = "MinTemp"; Value = "-55°C"; VariantName = "[No Variations]"
Add component (AddParameter): Name = "PartStatus"; Value = "Active"; VariantName = "[No Variations]"
Add component (AddParameter): Name = "Price"; Value = "0.32"; VariantName = "[No Variations]"
Add component (AddParameter): Name = "Supplier"; Value = "Digikey"; VariantName = "[No Variations]"
Add component (AddParameter): Name = "SupplierPartNumber"; Value = "490-18214-1-ND"; VariantName = "[No Variations]"
Added Component: Designator=C11(Capacitor_0603)
Add component (AddParameter): Name = "ComponentLink1Description"; Value = "SupplierURL"; VariantName = "[No Variations]"
Add component (AddParameter): Name = "ComponentLink1URL"; Value = "https://www.digikey.com/en/products/detail/murata-electronics/GRM188R61E106KA73D/9867922"; VariantName = "[No Variations]"
Add component (AddParameter): Name = "Manufacturer"; Value = "Murata Electronics"; VariantName = "[No Variations]"
Add component (AddParameter): Name = "ManufacturerPartNumber"; Value = "GRM188R61E106KA73D"; VariantName = "[No Variations]"
Add component (AddParameter): Name = "MaxTemp"; Value = "85°C"; VariantName = "[No Variations]"
Add component (AddParameter): Name = "MinTemp"; Value = "-55°C"; VariantName = "[No Variations]"
Add component (AddParameter): Name = "PartStatus"; Value = "Active"; VariantName = "[No Variations]"
Add component (AddParameter): Name = "Price"; Value = "0.32"; VariantName = "[No Variations]"
Add component (AddParameter): Name = "Supplier"; Value = "Digikey"; VariantName = "[No Variations]"
Add component (AddParameter): Name = "SupplierPartNumber"; Value = "490-18214-1-ND"; VariantName = "[No Variations]"
Added Component: Designator=C12(Capacitor_0603)
Add component (AddParameter): Name = "ComponentLink1Description"; Value = "SupplierURL"; VariantName = "[No Variations]"
Add component (AddParameter): Name = "ComponentLink1URL"; Value = "https://www.digikey.com/en/products/detail/kemet/C0603C104J3RAC7411/12701256"; VariantName = "[No Variations]"
Add component (AddParameter): Name = "Manufacturer"; Value = "KEMET"; VariantName = "[No Variations]"
Add component (AddParameter): Name = "ManufacturerPartNumber"; Value = "C0603C104J3RAC7411"; VariantName = "[No Variations]"
Add component (AddParameter): Name = "MaxTemp"; Value = "125°C"; VariantName = "[No Variations]"
Add component (AddParameter): Name = "MinTemp"; Value = "-55°C"; VariantName = "[No Variations]"
Add component (AddParameter): Name = "PartStatus"; Value = "Active"; VariantName = "[No Variations]"
Add component (AddParameter): Name = "Price"; Value = "0.43"; VariantName = "[No Variations]"
Add component (AddParameter): Name = "Supplier"; Value = "Digikey"; VariantName = "[No Variations]"
Add component (AddParameter): Name = "SupplierPartNumber"; Value = "399-C0603C104J3RAC7411CT-ND"; VariantName = "[No Variations]"
Added Component: Designator=C13(Capacitor_0603)
Add component (AddParameter): Name = "ComponentLink1Description"; Value = "SupplierURL"; VariantName = "[No Variations]"
Add component (AddParameter): Name = "ComponentLink1URL"; Value = "https://www.digikey.in/en/products/detail/kyocera-avx/0603ZD475KAT2A/3080849"; VariantName = "[No Variations]"
Add component (AddParameter): Name = "Manufacturer"; Value = "KYOCERA AVX"; VariantName = "[No Variations]"
Add component (AddParameter): Name = "ManufacturerPartNumber"; Value = "0603ZD475KAT2A"; VariantName = "[No Variations]"
Add component (AddParameter): Name = "MaxTemp"; Value = "85C"; VariantName = "[No Variations]"
Add component (AddParameter): Name = "MinTemp"; Value = "-55C"; VariantName = "[No Variations]"
Add component (AddParameter): Name = "PartStatus"; Value = "Active"; VariantName = "[No Variations]"
Add component (AddParameter): Name = "Price"; Value = "0.81"; VariantName = "[No Variations]"
Add component (AddParameter): Name = "Supplier"; Value = "Digikey"; VariantName = "[No Variations]"
Add component (AddParameter): Name = "SupplierPartNumber"; Value = "478-7943-1-ND"; VariantName = "[No Variations]"
Added Component: Designator=D1(0603_LED)
Add component (AddParameter): Name = "ComponentLink1Description"; Value = "SupplierURL"; VariantName = "[No Variations]"
Add component (AddParameter): Name = "ComponentLink1URL"; Value = "https://lcsc.com/product-detail/Light-Emitting-Diodes-LED_Everlight-Elec-19-213-BHC-ZL1M2RY-3T_C131231.html"; VariantName = "[No Variations]"
Add component (AddParameter): Name = "Manufacturer"; Value = "Everlight Elec"; VariantName = "[No Variations]"
Add component (AddParameter): Name = "ManufacturerPartNumber"; Value = "BHC-ZL1M2RY/3T"; VariantName = "[No Variations]"
Add component (AddParameter): Name = "MaxTemp"; Value = "85C"; VariantName = "[No Variations]"
Add component (AddParameter): Name = "MinTemp"; Value = "-40C"; VariantName = "[No Variations]"
Add component (AddParameter): Name = "Price"; Value = "0.57"; VariantName = "[No Variations]"
Add component (AddParameter): Name = "Supplier"; Value = "LCSC"; VariantName = "[No Variations]"
Add component (AddParameter): Name = "SupplierPartNumber"; Value = "C131231"; VariantName = "[No Variations]"
Added Component: Designator=FD?(FIDUCIALS)
Added Component: Designator=FD?(FIDUCIALS)
Added Component: Designator=FD?(FIDUCIALS)
Added Component: Designator=J1(P2.541X2HDR)
Add component (AddParameter): Name = "ComponentLink1Description"; Value = "Supplier Link"; VariantName = "[No Variations]"
Add component (AddParameter): Name = "ComponentLink1URL"; Value = "https://www.digikey.com/en/products/detail/sullins-connector-solutions/PEC02SAAN/859155"; VariantName = "[No Variations]"
Add component (AddParameter): Name = "Manyfacturer Part Number"; Value = "PEC02SAAN"; VariantName = "[No Variations]"
Add component (AddParameter): Name = "Max Temp"; Value = "125°C"; VariantName = "[No Variations]"
Add component (AddParameter): Name = "Min Temp"; Value = "-65°C"; VariantName = "[No Variations]"
Add component (AddParameter): Name = "Part Status"; Value = "Active"; VariantName = "[No Variations]"
Add component (AddParameter): Name = "Price"; Value = "0.18"; VariantName = "[No Variations]"
Add component (AddParameter): Name = "Supplier Part Number"; Value = "S1012E-02-ND"; VariantName = "[No Variations]"
Added Component: Designator=J2(P2.541X2HDR)
Add component (AddParameter): Name = "ComponentLink1Description"; Value = "Supplier Link"; VariantName = "[No Variations]"
Add component (AddParameter): Name = "ComponentLink1URL"; Value = "https://www.digikey.com/en/products/detail/sullins-connector-solutions/PEC02SAAN/859155"; VariantName = "[No Variations]"
Add component (AddParameter): Name = "Manyfacturer Part Number"; Value = "PEC02SAAN"; VariantName = "[No Variations]"
Add component (AddParameter): Name = "Max Temp"; Value = "125°C"; VariantName = "[No Variations]"
Add component (AddParameter): Name = "Min Temp"; Value = "-65°C"; VariantName = "[No Variations]"
Add component (AddParameter): Name = "Part Status"; Value = "Active"; VariantName = "[No Variations]"
Add component (AddParameter): Name = "Price"; Value = "0.18"; VariantName = "[No Variations]"
Add component (AddParameter): Name = "Supplier Part Number"; Value = "S1012E-02-ND"; VariantName = "[No Variations]"
Added Component: Designator=J3(Micro USB)
Add component (AddParameter): Name = "ComponentLink1Description"; Value = "SupplierURL"; VariantName = "[No Variations]"
Add component (AddParameter): Name = "ComponentLink1URL"; Value = "https://www.digikey.com/en/products/detail/würth-elektronik/629105150521/5047751"; VariantName = "[No Variations]"
Add component (AddParameter): Name = "Manufacturer"; Value = "Würth Elektronik"; VariantName = "[No Variations]"
Add component (AddParameter): Name = "ManufacturerPartNumber"; Value = "629105150521"; VariantName = "[No Variations]"
Add component (AddParameter): Name = "MaxTemp"; Value = "85°C"; VariantName = "[No Variations]"
Add component (AddParameter): Name = "MinTemp"; Value = "-40°C"; VariantName = "[No Variations]"
Add component (AddParameter): Name = "PartStatus"; Value = "Active"; VariantName = "[No Variations]"
Add component (AddParameter): Name = "Price"; Value = "2.07"; VariantName = "[No Variations]"
Add component (AddParameter): Name = "Supplier"; Value = "Digikey"; VariantName = "[No Variations]"
Add component (AddParameter): Name = "SupplierPartNumber"; Value = "732-5960-1-ND"; VariantName = "[No Variations]"
Added Component: Designator=J4(P2.541X2HDR)
Add component (AddParameter): Name = "ComponentLink1Description"; Value = "Supplier Link"; VariantName = "[No Variations]"
Add component (AddParameter): Name = "ComponentLink1URL"; Value = "https://www.digikey.com/en/products/detail/sullins-connector-solutions/PEC02SAAN/859155"; VariantName = "[No Variations]"
Add component (AddParameter): Name = "Manyfacturer Part Number"; Value = "PEC02SAAN"; VariantName = "[No Variations]"
Add component (AddParameter): Name = "Max Temp"; Value = "125°C"; VariantName = "[No Variations]"
Add component (AddParameter): Name = "Min Temp"; Value = "-65°C"; VariantName = "[No Variations]"
Add component (AddParameter): Name = "Part Status"; Value = "Active"; VariantName = "[No Variations]"
Add component (AddParameter): Name = "Price"; Value = "0.18"; VariantName = "[No Variations]"
Add component (AddParameter): Name = "Supplier Part Number"; Value = "S1012E-02-ND"; VariantName = "[No Variations]"
Added Component: Designator=J5(P2.541X4HDR)
Add component (AddParameter): Name = "ComponentLink1Description"; Value = "SupplierURL"; VariantName = "[No Variations]"
Add component (AddParameter): Name = "ComponentLink1URL"; Value = "https://www.digikey.com/en/products/detail/sullins-connector-solutions/PEC04SAAN/859157"; VariantName = "[No Variations]"
Add component (AddParameter): Name = "Maanufacturer"; Value = "Sullins Connector Solutions"; VariantName = "[No Variations]"
Add component (AddParameter): Name = "ManufacturerPartNumber"; Value = "PEC04SAAN"; VariantName = "[No Variations]"
Add component (AddParameter): Name = "MaxTemp"; Value = "125°C"; VariantName = "[No Variations]"
Add component (AddParameter): Name = "MinTemp"; Value = "-65°C"; VariantName = "[No Variations]"
Add component (AddParameter): Name = "PartStatus"; Value = "Active"; VariantName = "[No Variations]"
Add component (AddParameter): Name = "Price"; Value = "0.27"; VariantName = "[No Variations]"
Add component (AddParameter): Name = "Supplier"; Value = "Digikey"; VariantName = "[No Variations]"
Add component (AddParameter): Name = "SupplierPartNumber"; Value = "S1012E-04-ND"; VariantName = "[No Variations]"
Added Component: Designator=J6(P2.541X2HDR)
Add component (AddParameter): Name = "ComponentLink1Description"; Value = "Supplier Link"; VariantName = "[No Variations]"
Add component (AddParameter): Name = "ComponentLink1URL"; Value = "https://www.digikey.com/en/products/detail/sullins-connector-solutions/PEC02SAAN/859155"; VariantName = "[No Variations]"
Add component (AddParameter): Name = "Manyfacturer Part Number"; Value = "PEC02SAAN"; VariantName = "[No Variations]"
Add component (AddParameter): Name = "Max Temp"; Value = "125°C"; VariantName = "[No Variations]"
Add component (AddParameter): Name = "Min Temp"; Value = "-65°C"; VariantName = "[No Variations]"
Add component (AddParameter): Name = "Part Status"; Value = "Active"; VariantName = "[No Variations]"
Add component (AddParameter): Name = "Price"; Value = "0.18"; VariantName = "[No Variations]"
Add component (AddParameter): Name = "Supplier Part Number"; Value = "S1012E-02-ND"; VariantName = "[No Variations]"
Added Component: Designator=L1(VLS6045EX-1R0N)
Add component (AddParameter): Name = "ComponentLink1Description"; Value = "SupplierURL"; VariantName = "[No Variations]"
Add component (AddParameter): Name = "ComponentLink1URL"; Value = "https://www.digikey.in/en/products/detail/tdk-corporation/VLS6045EX-1R0N/5286692"; VariantName = "[No Variations]"
Add component (AddParameter): Name = "Manufacturer"; Value = "TDK Corporation"; VariantName = "[No Variations]"
Add component (AddParameter): Name = "ManufacturerPartNumber"; Value = "VLS6045EX-1R0N"; VariantName = "[No Variations]"
Add component (AddParameter): Name = "MaxTemp"; Value = "105C"; VariantName = "[No Variations]"
Add component (AddParameter): Name = "MinTemp"; Value = "-40C"; VariantName = "[No Variations]"
Add component (AddParameter): Name = "PartStatus"; Value = "Active"; VariantName = "[No Variations]"
Add component (AddParameter): Name = "Price"; Value = "0.51"; VariantName = "[No Variations]"
Add component (AddParameter): Name = "Supplier"; Value = "Digikey"; VariantName = "[No Variations]"
Add component (AddParameter): Name = "SupplierPartNumber"; Value = "445-173043-1-ND"; VariantName = "[No Variations]"
Added Component: Designator=MH?(Mounting_Hole_3.3mm)
Added Component: Designator=MH?(Mounting_Hole_3.3mm)
Added Component: Designator=MH?(Mounting_Hole_3.3mm)
Added Component: Designator=MH?(Mounting_Hole_3.3mm)
Added Component: Designator=R1(RESISTOR0603)
Add component (AddParameter): Name = "ComponentLink1Description"; Value = "SupplierURL"; VariantName = "[No Variations]"
Add component (AddParameter): Name = "ComponentLink1URL"; Value = "https://www.digikey.com/en/products/detail/stackpole-electronics-inc/RMCF0603JT10K0/1758104"; VariantName = "[No Variations]"
Add component (AddParameter): Name = "Manufacturer"; Value = "Stackpole Electronics Inc"; VariantName = "[No Variations]"
Add component (AddParameter): Name = "ManufacturerPartNumber"; Value = "RMCF0603JT10K0"; VariantName = "[No Variations]"
Add component (AddParameter): Name = "MaxTemp"; Value = "155°C"; VariantName = "[No Variations]"
Add component (AddParameter): Name = "MinTemp"; Value = "-55°C"; VariantName = "[No Variations]"
Add component (AddParameter): Name = "PartStatus"; Value = "Active"; VariantName = "[No Variations]"
Add component (AddParameter): Name = "Price"; Value = "0.10"; VariantName = "[No Variations]"
Add component (AddParameter): Name = "Supplier"; Value = "Digikey"; VariantName = "[No Variations]"
Add component (AddParameter): Name = "SupplierPartNumber"; Value = "RMCF0603JT10K0CT-ND"; VariantName = "[No Variations]"
Added Component: Designator=R2(RESISTOR0603)
Add component (AddParameter): Name = "ComponentLink1Description"; Value = "SupplierURL"; VariantName = "[No Variations]"
Add component (AddParameter): Name = "ComponentLink1URL"; Value = "https://www.digikey.com/en/products/detail/stackpole-electronics-inc/RMCF0603JT10K0/1758104"; VariantName = "[No Variations]"
Add component (AddParameter): Name = "Manufacturer"; Value = "Stackpole Electronics Inc"; VariantName = "[No Variations]"
Add component (AddParameter): Name = "ManufacturerPartNumber"; Value = "RMCF0603JT10K0"; VariantName = "[No Variations]"
Add component (AddParameter): Name = "MaxTemp"; Value = "155°C"; VariantName = "[No Variations]"
Add component (AddParameter): Name = "MinTemp"; Value = "-55°C"; VariantName = "[No Variations]"
Add component (AddParameter): Name = "PartStatus"; Value = "Active"; VariantName = "[No Variations]"
Add component (AddParameter): Name = "Price"; Value = "0.10"; VariantName = "[No Variations]"
Add component (AddParameter): Name = "Supplier"; Value = "Digikey"; VariantName = "[No Variations]"
Add component (AddParameter): Name = "SupplierPartNumber"; Value = "RMCF0603JT10K0CT-ND"; VariantName = "[No Variations]"
Added Component: Designator=R3(RESISTOR0603)
Add component (AddParameter): Name = "ComponentLink1Description"; Value = "SupplierURL"; VariantName = "[No Variations]"
Add component (AddParameter): Name = "ComponentLink1URL"; Value = "https://www.digikey.com/en/products/detail/stackpole-electronics-inc/RMCF0603JT10K0/1758104"; VariantName = "[No Variations]"
Add component (AddParameter): Name = "Manufacturer"; Value = "Stackpole Electronics Inc"; VariantName = "[No Variations]"
Add component (AddParameter): Name = "ManufacturerPartNumber"; Value = "RMCF0603JT10K0"; VariantName = "[No Variations]"
Add component (AddParameter): Name = "MaxTemp"; Value = "155°C"; VariantName = "[No Variations]"
Add component (AddParameter): Name = "MinTemp"; Value = "-55°C"; VariantName = "[No Variations]"
Add component (AddParameter): Name = "PartStatus"; Value = "Active"; VariantName = "[No Variations]"
Add component (AddParameter): Name = "Price"; Value = "0.10"; VariantName = "[No Variations]"
Add component (AddParameter): Name = "Supplier"; Value = "Digikey"; VariantName = "[No Variations]"
Add component (AddParameter): Name = "SupplierPartNumber"; Value = "RMCF0603JT10K0CT-ND"; VariantName = "[No Variations]"
Added Component: Designator=R4(RESISTOR0603)
Add component (AddParameter): Name = "ComponentLink1Description"; Value = "SupplierURL"; VariantName = "[No Variations]"
Add component (AddParameter): Name = "ComponentLink1URL"; Value = "https://www.digikey.com/en/products/detail/stackpole-electronics-inc/RMCF0603JT10K0/1758104"; VariantName = "[No Variations]"
Add component (AddParameter): Name = "Manufacturer"; Value = "Stackpole Electronics Inc"; VariantName = "[No Variations]"
Add component (AddParameter): Name = "ManufacturerPartNumber"; Value = "RMCF0603JT10K0"; VariantName = "[No Variations]"
Add component (AddParameter): Name = "MaxTemp"; Value = "155°C"; VariantName = "[No Variations]"
Add component (AddParameter): Name = "MinTemp"; Value = "-55°C"; VariantName = "[No Variations]"
Add component (AddParameter): Name = "PartStatus"; Value = "Active"; VariantName = "[No Variations]"
Add component (AddParameter): Name = "Price"; Value = "0.10"; VariantName = "[No Variations]"
Add component (AddParameter): Name = "Supplier"; Value = "Digikey"; VariantName = "[No Variations]"
Add component (AddParameter): Name = "SupplierPartNumber"; Value = "RMCF0603JT10K0CT-ND"; VariantName = "[No Variations]"
Added Component: Designator=R5(RESISTOR0603)
Add component (AddParameter): Name = "ComponentLink1Description"; Value = "SupplierURL"; VariantName = "[No Variations]"
Add component (AddParameter): Name = "ComponentLink1URL"; Value = "https://www.digikey.in/en/products/detail/stackpole-electronics-inc/RMCF0603FT5K23/1760913"; VariantName = "[No Variations]"
Add component (AddParameter): Name = "Manufacturer"; Value = "Stackpole Electronics Inc"; VariantName = "[No Variations]"
Add component (AddParameter): Name = "ManufacturerPartNumber"; Value = "RMCF0603FT5K23"; VariantName = "[No Variations]"
Add component (AddParameter): Name = "MaxTemp"; Value = "155C"; VariantName = "[No Variations]"
Add component (AddParameter): Name = "MinTemp"; Value = "-55C"; VariantName = "[No Variations]"
Add component (AddParameter): Name = "PartStatus"; Value = "Active"; VariantName = "[No Variations]"
Add component (AddParameter): Name = "Price"; Value = "0.10"; VariantName = "[No Variations]"
Add component (AddParameter): Name = "Supplier"; Value = "Digikey"; VariantName = "[No Variations]"
Add component (AddParameter): Name = "SupplierPartNumber"; Value = "RMCF0603FT5K23CT-ND"; VariantName = "[No Variations]"
Added Component: Designator=R6(RESISTOR0603)
Add component (AddParameter): Name = "ComponentLink1Description"; Value = "Supplier Link"; VariantName = "[No Variations]"
Add component (AddParameter): Name = "ComponentLink1URL"; Value = "https://www.digikey.com/en/products/detail/vishay-dale/CRCW0603100RJNEAC/7928481"; VariantName = "[No Variations]"
Add component (AddParameter): Name = "Manufacturer Part Number"; Value = "CRCW0603100RJNEAC"; VariantName = "[No Variations]"
Add component (AddParameter): Name = "Max Temp"; Value = "155°C"; VariantName = "[No Variations]"
Add component (AddParameter): Name = "Min Temp"; Value = "-55°C"; VariantName = "[No Variations]"
Add component (AddParameter): Name = "Part Status"; Value = "Active"; VariantName = "[No Variations]"
Add component (AddParameter): Name = "Price"; Value = "0.10"; VariantName = "[No Variations]"
Add component (AddParameter): Name = "Supplier Part Number"; Value = "541-4059-1-ND"; VariantName = "[No Variations]"
Added Component: Designator=R7(RESISTOR0603)
Add component (AddParameter): Name = "ComponentLink1Description"; Value = "Supplier Link"; VariantName = "[No Variations]"
Add component (AddParameter): Name = "ComponentLink1URL"; Value = "https://www.digikey.com/en/products/detail/nte-electronics-inc/SR1-0603-000/11644791"; VariantName = "[No Variations]"
Add component (AddParameter): Name = "Manufacturer Part Number"; Value = "SR1-0603-000"; VariantName = "[No Variations]"
Add component (AddParameter): Name = "Max Temp"; Value = "155°C"; VariantName = "[No Variations]"
Add component (AddParameter): Name = "Min Temp"; Value = "-55°C"; VariantName = "[No Variations]"
Add component (AddParameter): Name = "Part Status"; Value = "Active"; VariantName = "[No Variations]"
Add component (AddParameter): Name = "Price"; Value = "0.02000"; VariantName = "[No Variations]"
Add component (AddParameter): Name = "Supplier Part Number"; Value = "2368-SR1-0603-000-ND"; VariantName = "[No Variations]"
Added Component: Designator=R8(RESISTOR0603)
Add component (AddParameter): Name = "ComponentLink1Description"; Value = "SupplierURL"; VariantName = "[No Variations]"
Add component (AddParameter): Name = "ComponentLink1URL"; Value = "https://www.digikey.com/en/products/detail/stackpole-electronics-inc/RMCF0603JT10K0/1758104"; VariantName = "[No Variations]"
Add component (AddParameter): Name = "Manufacturer"; Value = "Stackpole Electronics Inc"; VariantName = "[No Variations]"
Add component (AddParameter): Name = "ManufacturerPartNumber"; Value = "RMCF0603JT10K0"; VariantName = "[No Variations]"
Add component (AddParameter): Name = "MaxTemp"; Value = "155°C"; VariantName = "[No Variations]"
Add component (AddParameter): Name = "MinTemp"; Value = "-55°C"; VariantName = "[No Variations]"
Add component (AddParameter): Name = "PartStatus"; Value = "Active"; VariantName = "[No Variations]"
Add component (AddParameter): Name = "Price"; Value = "0.10"; VariantName = "[No Variations]"
Add component (AddParameter): Name = "Supplier"; Value = "Digikey"; VariantName = "[No Variations]"
Add component (AddParameter): Name = "SupplierPartNumber"; Value = "RMCF0603JT10K0CT-ND"; VariantName = "[No Variations]"
Added Component: Designator=R9(RESISTOR0603)
Add component (AddParameter): Name = "ComponentLink1Description"; Value = "SupplierURL"; VariantName = "[No Variations]"
Add component (AddParameter): Name = "ComponentLink1URL"; Value = "https://www.digikey.in/en/products/detail/stackpole-electronics-inc/RMCF0603FG30K1/1713912"; VariantName = "[No Variations]"
Add component (AddParameter): Name = "Manufacturer"; Value = "Stackpole Electronics Inc"; VariantName = "[No Variations]"
Add component (AddParameter): Name = "ManufacturerPartNumber"; Value = "RMCF0603FG30K1"; VariantName = "[No Variations]"
Add component (AddParameter): Name = "MaxTemp"; Value = "155°C"; VariantName = "[No Variations]"
Add component (AddParameter): Name = "MinTemp"; Value = "-55°C"; VariantName = "[No Variations]"
Add component (AddParameter): Name = "PartStatus"; Value = "Active"; VariantName = "[No Variations]"
Add component (AddParameter): Name = "Price"; Value = "0.10"; VariantName = "[No Variations]"
Add component (AddParameter): Name = "Supplier"; Value = "DIgikey"; VariantName = "[No Variations]"
Add component (AddParameter): Name = "SupplierPartNumber"; Value = "RMCF0603FG30K1CT-ND"; VariantName = "[No Variations]"
Added Component: Designator=R10(RESISTOR0603)
Add component (AddParameter): Name = "ComponentLink1Description"; Value = "SupplierURL"; VariantName = "[No Variations]"
Add component (AddParameter): Name = "ComponentLink1URL"; Value = "https://www.mouser.in/ProductDetail/Panasonic/ERJ-PA3F2610V?qs=BzJM0faLVqWOtl0KpXWkew%3D%3D"; VariantName = "[No Variations]"
Add component (AddParameter): Name = "Manufacturer"; Value = "Panasonic"; VariantName = "[No Variations]"
Add component (AddParameter): Name = "ManufacturerPartNumber"; Value = "ERJ-PA3F2610V"; VariantName = "[No Variations]"
Add component (AddParameter): Name = "MaxTemp"; Value = "+ 155 C"; VariantName = "[No Variations]"
Add component (AddParameter): Name = "MinTemp"; Value = "- 55 C"; VariantName = "[No Variations]"
Add component (AddParameter): Name = "PartStatus"; Value = "Active"; VariantName = "[No Variations]"
Add component (AddParameter): Name = "Price"; Value = "11.20(INR)"; VariantName = "[No Variations]"
Add component (AddParameter): Name = "Supplier"; Value = "Digikey"; VariantName = "[No Variations]"
Add component (AddParameter): Name = "SupplierPartNumber"; Value = "667-ERJ-PA3F2610V"; VariantName = "[No Variations]"
Added Component: Designator=R11(RESISTOR0603)
Add component (AddParameter): Name = "ComponentLink1Description"; Value = "SupplierURL"; VariantName = "[No Variations]"
Add component (AddParameter): Name = "ComponentLink1URL"; Value = "https://www.digikey.com/en/products/detail/stackpole-electronics-inc/RMCF0603JT10K0/1758104"; VariantName = "[No Variations]"
Add component (AddParameter): Name = "Manufacturer"; Value = "Stackpole Electronics Inc"; VariantName = "[No Variations]"
Add component (AddParameter): Name = "ManufacturerPartNumber"; Value = "RMCF0603JT10K0"; VariantName = "[No Variations]"
Add component (AddParameter): Name = "MaxTemp"; Value = "155°C"; VariantName = "[No Variations]"
Add component (AddParameter): Name = "MinTemp"; Value = "-55°C"; VariantName = "[No Variations]"
Add component (AddParameter): Name = "PartStatus"; Value = "Active"; VariantName = "[No Variations]"
Add component (AddParameter): Name = "Price"; Value = "0.10"; VariantName = "[No Variations]"
Add component (AddParameter): Name = "Supplier"; Value = "Digikey"; VariantName = "[No Variations]"
Add component (AddParameter): Name = "SupplierPartNumber"; Value = "RMCF0603JT10K0CT-ND"; VariantName = "[No Variations]"
Added Component: Designator=SW1(PushButton nf)
Add component (AddParameter): Name = "ComponentLink1Description"; Value = "SupplierURL"; VariantName = "[No Variations]"
Add component (AddParameter): Name = "ComponentLink1URL"; Value = "https://www.digikey.com/en/products/detail/e-switch/TL1105DF160Q/271562"; VariantName = "[No Variations]"
Add component (AddParameter): Name = "Manufacturer"; Value = "E-Switch"; VariantName = "[No Variations]"
Add component (AddParameter): Name = "ManufacturerPartNumber"; Value = "TL1105DF160Q"; VariantName = "[No Variations]"
Add component (AddParameter): Name = "MaxTemp"; Value = "70°C"; VariantName = "[No Variations]"
Add component (AddParameter): Name = "MinTemp"; Value = "-20°C"; VariantName = "[No Variations]"
Add component (AddParameter): Name = "PartStatus"; Value = "Active"; VariantName = "[No Variations]"
Add component (AddParameter): Name = "Price"; Value = "0.17"; VariantName = "[No Variations]"
Add component (AddParameter): Name = "Supplier"; Value = "Digikey"; VariantName = "[No Variations]"
Add component (AddParameter): Name = "SupplierPartNumber"; Value = "EG1865-ND"; VariantName = "[No Variations]"
Added Component: Designator=TP1(TestPoint)
Add component (AddParameter): Name = "ComponentLink1Description"; Value = "Supplier Link"; VariantName = "[No Variations]"
Add component (AddParameter): Name = "ComponentLink1URL"; Value = ""; VariantName = "[No Variations]"
Add component (AddParameter): Name = "Manufacturer Part Number"; Value = ""; VariantName = "[No Variations]"
Add component (AddParameter): Name = "Max Temp"; Value = ""; VariantName = "[No Variations]"
Add component (AddParameter): Name = "Min Temp"; Value = ""; VariantName = "[No Variations]"
Add component (AddParameter): Name = "Part Status"; Value = ""; VariantName = "[No Variations]"
Add component (AddParameter): Name = "Price"; Value = ""; VariantName = "[No Variations]"
Add component (AddParameter): Name = "Supplier Part Number"; Value = ""; VariantName = "[No Variations]"
Added Component: Designator=TP2(TestPoint)
Add component (AddParameter): Name = "ComponentLink1Description"; Value = "Supplier Link"; VariantName = "[No Variations]"
Add component (AddParameter): Name = "ComponentLink1URL"; Value = ""; VariantName = "[No Variations]"
Add component (AddParameter): Name = "Manufacturer Part Number"; Value = ""; VariantName = "[No Variations]"
Add component (AddParameter): Name = "Max Temp"; Value = ""; VariantName = "[No Variations]"
Add component (AddParameter): Name = "Min Temp"; Value = ""; VariantName = "[No Variations]"
Add component (AddParameter): Name = "Part Status"; Value = ""; VariantName = "[No Variations]"
Add component (AddParameter): Name = "Price"; Value = ""; VariantName = "[No Variations]"
Add component (AddParameter): Name = "Supplier Part Number"; Value = ""; VariantName = "[No Variations]"
Added Component: Designator=TP3(TestPoint)
Add component (AddParameter): Name = "ComponentLink1Description"; Value = "Supplier Link"; VariantName = "[No Variations]"
Add component (AddParameter): Name = "ComponentLink1URL"; Value = ""; VariantName = "[No Variations]"
Add component (AddParameter): Name = "Manufacturer Part Number"; Value = ""; VariantName = "[No Variations]"
Add component (AddParameter): Name = "Max Temp"; Value = ""; VariantName = "[No Variations]"
Add component (AddParameter): Name = "Min Temp"; Value = ""; VariantName = "[No Variations]"
Add component (AddParameter): Name = "Part Status"; Value = ""; VariantName = "[No Variations]"
Add component (AddParameter): Name = "Price"; Value = ""; VariantName = "[No Variations]"
Add component (AddParameter): Name = "Supplier Part Number"; Value = ""; VariantName = "[No Variations]"
Added Component: Designator=TP4(TestPoint)
Add component (AddParameter): Name = "ComponentLink1Description"; Value = "Supplier Link"; VariantName = "[No Variations]"
Add component (AddParameter): Name = "ComponentLink1URL"; Value = ""; VariantName = "[No Variations]"
Add component (AddParameter): Name = "Manufacturer Part Number"; Value = ""; VariantName = "[No Variations]"
Add component (AddParameter): Name = "Max Temp"; Value = ""; VariantName = "[No Variations]"
Add component (AddParameter): Name = "Min Temp"; Value = ""; VariantName = "[No Variations]"
Add component (AddParameter): Name = "Part Status"; Value = ""; VariantName = "[No Variations]"
Add component (AddParameter): Name = "Price"; Value = ""; VariantName = "[No Variations]"
Add component (AddParameter): Name = "Supplier Part Number"; Value = ""; VariantName = "[No Variations]"
Added Component: Designator=TP5(TestPoint)
Add component (AddParameter): Name = "ComponentLink1Description"; Value = "Supplier Link"; VariantName = "[No Variations]"
Add component (AddParameter): Name = "ComponentLink1URL"; Value = ""; VariantName = "[No Variations]"
Add component (AddParameter): Name = "Manufacturer Part Number"; Value = ""; VariantName = "[No Variations]"
Add component (AddParameter): Name = "Max Temp"; Value = ""; VariantName = "[No Variations]"
Add component (AddParameter): Name = "Min Temp"; Value = ""; VariantName = "[No Variations]"
Add component (AddParameter): Name = "Part Status"; Value = ""; VariantName = "[No Variations]"
Add component (AddParameter): Name = "Price"; Value = ""; VariantName = "[No Variations]"
Add component (AddParameter): Name = "Supplier Part Number"; Value = ""; VariantName = "[No Variations]"
Added Component: Designator=TP6(TestPoint)
Add component (AddParameter): Name = "ComponentLink1Description"; Value = "Supplier Link"; VariantName = "[No Variations]"
Add component (AddParameter): Name = "ComponentLink1URL"; Value = ""; VariantName = "[No Variations]"
Add component (AddParameter): Name = "Manufacturer Part Number"; Value = ""; VariantName = "[No Variations]"
Add component (AddParameter): Name = "Max Temp"; Value = ""; VariantName = "[No Variations]"
Add component (AddParameter): Name = "Min Temp"; Value = ""; VariantName = "[No Variations]"
Add component (AddParameter): Name = "Part Status"; Value = ""; VariantName = "[No Variations]"
Add component (AddParameter): Name = "Price"; Value = ""; VariantName = "[No Variations]"
Add component (AddParameter): Name = "Supplier Part Number"; Value = ""; VariantName = "[No Variations]"
Added Component: Designator=U1(24-WQFN)
Add component (AddParameter): Name = "ComponentLink1Description"; Value = "SupplierURL"; VariantName = "[No Variations]"
Add component (AddParameter): Name = "ComponentLink1URL"; Value = "https://www.digikey.com/en/products/detail/texas-instruments/BQ25895RTWR/5214018"; VariantName = "[No Variations]"
Add component (AddParameter): Name = "Manufacturer"; Value = "Texas Instruments"; VariantName = "[No Variations]"
Add component (AddParameter): Name = "ManufacturerPartNumber"; Value = "BQ25895RTWR"; VariantName = "[No Variations]"
Add component (AddParameter): Name = "MaxTemp"; Value = "85°C"; VariantName = "[No Variations]"
Add component (AddParameter): Name = "MinTemp"; Value = "-40°C"; VariantName = "[No Variations]"
Add component (AddParameter): Name = "PartStatus"; Value = "Active"; VariantName = "[No Variations]"
Add component (AddParameter): Name = "Price"; Value = "3.46"; VariantName = "[No Variations]"
Add component (AddParameter): Name = "Supplier"; Value = "Digikey"; VariantName = "[No Variations]"
Add component (AddParameter): Name = "SupplierPartNumber"; Value = "296-44345-1-ND"; VariantName = "[No Variations]"
Added Pin To Net: NetName=BQ25895_BAT Pin=C11-2
Added Pin To Net: NetName=BQ25895_BAT Pin=C12-2
Added Pin To Net: NetName=BQ25895_BAT Pin=J4-2
Added Pin To Net: NetName=BQ25895_BAT Pin=U1-13
Added Pin To Net: NetName=BQ25895_BAT Pin=U1-14
Added Net: Name=BQ25895_BAT
Added Pin To Net: NetName=BQ25895_C\E\ Pin=R8-2
Added Pin To Net: NetName=BQ25895_C\E\ Pin=U1-9
Added Net: Name=BQ25895_C\E\
Added Pin To Net: NetName=BQ25895_DSEL Pin=R11-1
Added Pin To Net: NetName=BQ25895_DSEL Pin=TP5-1
Added Pin To Net: NetName=BQ25895_DSEL Pin=U1-24
Added Net: Name=BQ25895_DSEL
Added Pin To Net: NetName=BQ25895_ILIM Pin=R10-2
Added Pin To Net: NetName=BQ25895_ILIM Pin=U1-10
Added Net: Name=BQ25895_ILIM
Added Pin To Net: NetName=BQ25895_INT Pin=J5-3
Added Pin To Net: NetName=BQ25895_INT Pin=R2-1
Added Pin To Net: NetName=BQ25895_INT Pin=U1-7
Added Net: Name=BQ25895_INT
Added Pin To Net: NetName=BQ25895_OTG Pin=R1-1
Added Pin To Net: NetName=BQ25895_OTG Pin=R7-2
Added Pin To Net: NetName=BQ25895_OTG Pin=U1-8
Added Net: Name=BQ25895_OTG
Added Pin To Net: NetName=BQ25895_PMID Pin=C1-2
Added Pin To Net: NetName=BQ25895_PMID Pin=C2-2
Added Pin To Net: NetName=BQ25895_PMID Pin=C3-2
Added Pin To Net: NetName=BQ25895_PMID Pin=C4-2
Added Pin To Net: NetName=BQ25895_PMID Pin=C5-2
Added Pin To Net: NetName=BQ25895_PMID Pin=J1-2
Added Pin To Net: NetName=BQ25895_PMID Pin=U1-23
Added Net: Name=BQ25895_PMID
Added Pin To Net: NetName=BQ25895_SCL Pin=J5-1
Added Pin To Net: NetName=BQ25895_SCL Pin=R4-1
Added Pin To Net: NetName=BQ25895_SCL Pin=U1-5
Added Net: Name=BQ25895_SCL
Added Pin To Net: NetName=BQ25895_SDA Pin=J5-2
Added Pin To Net: NetName=BQ25895_SDA Pin=R3-1
Added Pin To Net: NetName=BQ25895_SDA Pin=U1-6
Added Net: Name=BQ25895_SDA
Added Pin To Net: NetName=BQ25895_STAT Pin=D1-2
Added Pin To Net: NetName=BQ25895_STAT Pin=TP6-1
Added Pin To Net: NetName=BQ25895_STAT Pin=U1-4
Added Net: Name=BQ25895_STAT
Added Pin To Net: NetName=BQ25895_TS Pin=J6-2
Added Pin To Net: NetName=BQ25895_TS Pin=TP4-1
Added Pin To Net: NetName=BQ25895_TS Pin=U1-11
Added Net: Name=BQ25895_TS
Added Pin To Net: NetName=GND Pin=C1-1
Added Pin To Net: NetName=GND Pin=C2-1
Added Pin To Net: NetName=GND Pin=C3-1
Added Pin To Net: NetName=GND Pin=C4-1
Added Pin To Net: NetName=GND Pin=C5-1
Added Pin To Net: NetName=GND Pin=C6-1
Added Pin To Net: NetName=GND Pin=C7-1
Added Pin To Net: NetName=GND Pin=C9-1
Added Pin To Net: NetName=GND Pin=C10-1
Added Pin To Net: NetName=GND Pin=C11-1
Added Pin To Net: NetName=GND Pin=C12-1
Added Pin To Net: NetName=GND Pin=C13-1
Added Pin To Net: NetName=GND Pin=J1-1
Added Pin To Net: NetName=GND Pin=J2-1
Added Pin To Net: NetName=GND Pin=J3-5
Added Pin To Net: NetName=GND Pin=J3-6
Added Pin To Net: NetName=GND Pin=J3-7
Added Pin To Net: NetName=GND Pin=J3-8
Added Pin To Net: NetName=GND Pin=J3-9
Added Pin To Net: NetName=GND Pin=J3-10
Added Pin To Net: NetName=GND Pin=J3-11
Added Pin To Net: NetName=GND Pin=J4-1
Added Pin To Net: NetName=GND Pin=J5-4
Added Pin To Net: NetName=GND Pin=J6-1
Added Pin To Net: NetName=GND Pin=MH?-1
Added Pin To Net: NetName=GND Pin=MH?-1
Added Pin To Net: NetName=GND Pin=MH?-1
Added Pin To Net: NetName=GND Pin=MH?-1
Added Pin To Net: NetName=GND Pin=R7-1
Added Pin To Net: NetName=GND Pin=R8-1
Added Pin To Net: NetName=GND Pin=R9-1
Added Pin To Net: NetName=GND Pin=R10-1
Added Pin To Net: NetName=GND Pin=SW1-2
Added Pin To Net: NetName=GND Pin=SW1-4
Added Pin To Net: NetName=GND Pin=TP2-1
Added Pin To Net: NetName=GND Pin=U1-17
Added Pin To Net: NetName=GND Pin=U1-18
Added Pin To Net: NetName=GND Pin=U1-25
Added Net: Name=GND
Added Pin To Net: NetName=NetC8_1 Pin=C8-1
Added Pin To Net: NetName=NetC8_1 Pin=U1-21
Added Net: Name=NetC8_1
Added Pin To Net: NetName=NetC8_2 Pin=C8-2
Added Pin To Net: NetName=NetC8_2 Pin=L1-1
Added Pin To Net: NetName=NetC8_2 Pin=U1-19
Added Pin To Net: NetName=NetC8_2 Pin=U1-20
Added Net: Name=NetC8_2
Added Pin To Net: NetName=NetD1_1 Pin=D1-1
Added Pin To Net: NetName=NetD1_1 Pin=R6-1
Added Net: Name=NetD1_1
Added Pin To Net: NetName=NetR5_1 Pin=R5-1
Added Pin To Net: NetName=NetR5_1 Pin=R9-2
Added Net: Name=NetR5_1
Added Pin To Net: NetName=NetSW1_1 Pin=SW1-1
Added Pin To Net: NetName=NetSW1_1 Pin=SW1-3
Added Pin To Net: NetName=NetSW1_1 Pin=TP3-1
Added Pin To Net: NetName=NetSW1_1 Pin=U1-12
Added Net: Name=NetSW1_1
Added Pin To Net: NetName=REGN Pin=C13-2
Added Pin To Net: NetName=REGN Pin=R5-2
Added Pin To Net: NetName=REGN Pin=U1-22
Added Net: Name=REGN
Added Pin To Net: NetName=USB_N Pin=J3-2
Added Pin To Net: NetName=USB_N Pin=U1-3
Added Net: Name=USB_N
Added Pin To Net: NetName=USB_P Pin=J3-3
Added Pin To Net: NetName=USB_P Pin=U1-2
Added Net: Name=USB_P
Added Pin To Net: NetName=VBUS Pin=C6-2
Added Pin To Net: NetName=VBUS Pin=C7-2
Added Pin To Net: NetName=VBUS Pin=J3-1
Added Pin To Net: NetName=VBUS Pin=TP1-1
Added Pin To Net: NetName=VBUS Pin=U1-1
Added Net: Name=VBUS
Added Pin To Net: NetName=VSYS Pin=C9-2
Added Pin To Net: NetName=VSYS Pin=C10-2
Added Pin To Net: NetName=VSYS Pin=J2-2
Added Pin To Net: NetName=VSYS Pin=L1-2
Added Pin To Net: NetName=VSYS Pin=R1-2
Added Pin To Net: NetName=VSYS Pin=R2-2
Added Pin To Net: NetName=VSYS Pin=R3-2
Added Pin To Net: NetName=VSYS Pin=R4-2
Added Pin To Net: NetName=VSYS Pin=R6-2
Added Pin To Net: NetName=VSYS Pin=R11-2
Added Pin To Net: NetName=VSYS Pin=U1-15
Added Pin To Net: NetName=VSYS Pin=U1-16
Added Net: Name=VSYS
Added Class: Name=BQ25895_BMS_Module
Added Differential Pair: Name=USB
Added Room: Name=BQ25895_BMS_Module
