Removed Pin From Net: NetName=VBUS Pin=J1-1
Removed Pin From Net: NetName=VBUS Pin=J1-1
Removed Pin From Net: NetName=BQ25895_SYS Pin=J3-1
Removed Pin From Net: NetName=BQ25895_SYS Pin=J3-1
Removed Pin From Net: NetName=BQ25895_BAT Pin=J5-1
Removed Pin From Net: NetName=BQ25895_BAT Pin=J5-1
Removed Pin From Net: NetName=GND Pin=J7-1
Removed Pin From Net: NetName=GND Pin=J7-1
Change Component Footprint: Designator=J1 Old Footprint=CASTELLATED_CONNECTOR New Footprint=castellated_small
Change Component Footprint: Designator=J2 Old Footprint=CASTELLATED_CONNECTOR New Footprint=castellated_small
Change Component Footprint: Designator=J3 Old Footprint=CASTELLATED_CONNECTOR New Footprint=castellated_small
Change Component Footprint: Designator=J5 Old Footprint=CASTELLATED_CONNECTOR New Footprint=castellated_small
Change Component Footprint: Designator=J7 Old Footprint=CASTELLATED_CONNECTOR New Footprint=castellated_small
Change Component Footprint: Designator=J8 Old Footprint=CASTELLATED_CONNECTOR New Footprint=castellated_small
Change Component Comment : Designator=J1 Old Comment=cas New Comment=CS
Change Component Comment : Designator=J2 Old Comment=cas New Comment=CS
Change Component Comment : Designator=J3 Old Comment=cas New Comment=CS
Change Component Comment : Designator=J5 Old Comment=cas New Comment=CS
Change Component Comment : Designator=J7 Old Comment=cas New Comment=CS
Change Component Comment : Designator=J8 Old Comment=cas New Comment=CS
Change component parameters: Designator = "C1" ("C1"); Footprint = "Capacitor_0603"; UniqueID = "\FSQOAQVG" ("\FSQOAQVG")
Change component parameters (AddParameter): Name = "ComponentLink1Description"; Value = "SupplierURL"; VariantName = "[No Variations]"
Change component parameters (AddParameter): Name = "ComponentLink1URL"; Value = "https://www.digikey.com/en/products/detail/murata-electronics/GRM188R61E106KA73D/9867922"; VariantName = "[No Variations]"
Change component parameters (AddParameter): Name = "Manufacturer"; Value = "Murata Electronics"; VariantName = "[No Variations]"
Change component parameters (AddParameter): Name = "ManufacturerPartNumber"; Value = "GRM188R61E106KA73D"; VariantName = "[No Variations]"
Change component parameters (AddParameter): Name = "MaxTemp"; Value = "85°C"; VariantName = "[No Variations]"
Change component parameters (AddParameter): Name = "MinTemp"; Value = "-55°C "; VariantName = "[No Variations]"
Change component parameters (AddParameter): Name = "PartStatus"; Value = "Active"; VariantName = "[No Variations]"
Change component parameters (AddParameter): Name = "Price"; Value = "0.32"; VariantName = "[No Variations]"
Change component parameters (AddParameter): Name = "Supplier"; Value = "Digikey"; VariantName = "[No Variations]"
Change component parameters (AddParameter): Name = "SupplierPartNumber"; Value = "490-18214-1-ND"; VariantName = "[No Variations]"
Change component parameters: Designator = "C2" ("C2"); Footprint = "Capacitor_0603"; UniqueID = "\DBAOZNYE" ("\DBAOZNYE")
Change component parameters (AddParameter): Name = "ComponentLink1Description"; Value = "SupplierURL"; VariantName = "[No Variations]"
Change component parameters (AddParameter): Name = "ComponentLink1URL"; Value = "https://www.digikey.com/en/products/detail/kemet/C0603C104J3RAC7411/12701256"; VariantName = "[No Variations]"
Change component parameters (AddParameter): Name = "Manufacturer"; Value = "KEMET"; VariantName = "[No Variations]"
Change component parameters (AddParameter): Name = "ManufacturerPartNumber"; Value = "C0603C104J3RAC7411"; VariantName = "[No Variations]"
Change component parameters (AddParameter): Name = "MaxTemp"; Value = "125°C"; VariantName = "[No Variations]"
Change component parameters (AddParameter): Name = "MinTemp"; Value = "-55°C "; VariantName = "[No Variations]"
Change component parameters (AddParameter): Name = "PartStatus"; Value = "Active"; VariantName = "[No Variations]"
Change component parameters (AddParameter): Name = "Price"; Value = "0.43"; VariantName = "[No Variations]"
Change component parameters (AddParameter): Name = "Supplier"; Value = "Digikey"; VariantName = "[No Variations]"
Change component parameters (AddParameter): Name = "SupplierPartNumber"; Value = "399-C0603C104J3RAC7411CT-ND"; VariantName = "[No Variations]"
Change component parameters: Designator = "C5" ("C5"); Footprint = "Capacitor_0603"; UniqueID = "\XELNQMAQ" ("\XELNQMAQ")
Change component parameters (AddParameter): Name = "ComponentLink1Description"; Value = "SupplierURL"; VariantName = "[No Variations]"
Change component parameters (AddParameter): Name = "ComponentLink1URL"; Value = "https://www.digikey.com/en/products/detail/murata-electronics/GRM188R61E106KA73D/9867922"; VariantName = "[No Variations]"
Change component parameters (AddParameter): Name = "Manufacturer"; Value = "Murata Electronics"; VariantName = "[No Variations]"
Change component parameters (AddParameter): Name = "ManufacturerPartNumber"; Value = "GRM188R61E106KA73D"; VariantName = "[No Variations]"
Change component parameters (AddParameter): Name = "MaxTemp"; Value = "85°C"; VariantName = "[No Variations]"
Change component parameters (AddParameter): Name = "MinTemp"; Value = "-55°C "; VariantName = "[No Variations]"
Change component parameters (AddParameter): Name = "PartStatus"; Value = "Active"; VariantName = "[No Variations]"
Change component parameters (AddParameter): Name = "Price"; Value = "0.32"; VariantName = "[No Variations]"
Change component parameters (AddParameter): Name = "Supplier"; Value = "Digikey"; VariantName = "[No Variations]"
Change component parameters (AddParameter): Name = "SupplierPartNumber"; Value = "490-18214-1-ND"; VariantName = "[No Variations]"
Change component parameters: Designator = "C6" ("C6"); Footprint = "Capacitor_0603"; UniqueID = "\FBFFYICC" ("\FBFFYICC")
Change component parameters (AddParameter): Name = "ComponentLink1Description"; Value = "SupplierURL"; VariantName = "[No Variations]"
Change component parameters (AddParameter): Name = "ComponentLink1URL"; Value = "https://www.digikey.com/en/products/detail/murata-electronics/GRM188R61E106KA73D/9867922"; VariantName = "[No Variations]"
Change component parameters (AddParameter): Name = "Manufacturer"; Value = "Murata Electronics"; VariantName = "[No Variations]"
Change component parameters (AddParameter): Name = "ManufacturerPartNumber"; Value = "GRM188R61E106KA73D"; VariantName = "[No Variations]"
Change component parameters (AddParameter): Name = "MaxTemp"; Value = "85°C"; VariantName = "[No Variations]"
Change component parameters (AddParameter): Name = "MinTemp"; Value = "-55°C "; VariantName = "[No Variations]"
Change component parameters (AddParameter): Name = "PartStatus"; Value = "Active"; VariantName = "[No Variations]"
Change component parameters (AddParameter): Name = "Price"; Value = "0.32"; VariantName = "[No Variations]"
Change component parameters (AddParameter): Name = "Supplier"; Value = "Digikey"; VariantName = "[No Variations]"
Change component parameters (AddParameter): Name = "SupplierPartNumber"; Value = "490-18214-1-ND"; VariantName = "[No Variations]"
Change component parameters: Designator = "C7" ("C7"); Footprint = "Capacitor_0603"; UniqueID = "\MYUMCDBX" ("\MYUMCDBX")
Change component parameters (AddParameter): Name = "ComponentLink1Description"; Value = "SupplierURL"; VariantName = "[No Variations]"
Change component parameters (AddParameter): Name = "ComponentLink1URL"; Value = "https://www.digikey.com/en/products/detail/murata-electronics/GRM188R61E106KA73D/9867922"; VariantName = "[No Variations]"
Change component parameters (AddParameter): Name = "Manufacturer"; Value = "Murata Electronics"; VariantName = "[No Variations]"
Change component parameters (AddParameter): Name = "ManufacturerPartNumber"; Value = "GRM188R61E106KA73D"; VariantName = "[No Variations]"
Change component parameters (AddParameter): Name = "MaxTemp"; Value = "85°C"; VariantName = "[No Variations]"
Change component parameters (AddParameter): Name = "MinTemp"; Value = "-55°C "; VariantName = "[No Variations]"
Change component parameters (AddParameter): Name = "PartStatus"; Value = "Active"; VariantName = "[No Variations]"
Change component parameters (AddParameter): Name = "Price"; Value = "0.32"; VariantName = "[No Variations]"
Change component parameters (AddParameter): Name = "Supplier"; Value = "Digikey"; VariantName = "[No Variations]"
Change component parameters (AddParameter): Name = "SupplierPartNumber"; Value = "490-18214-1-ND"; VariantName = "[No Variations]"
Change component parameters: Designator = "C8" ("C8"); Footprint = "Capacitor_0603"; UniqueID = "\XRXPJQSB" ("\XRXPJQSB")
Change component parameters (AddParameter): Name = "ComponentLink1Description"; Value = "SupplierURL"; VariantName = "[No Variations]"
Change component parameters (AddParameter): Name = "ComponentLink1URL"; Value = "https://www.digikey.com/en/products/detail/kemet/C0603C104J3RAC7411/12701256"; VariantName = "[No Variations]"
Change component parameters (AddParameter): Name = "Manufacturer"; Value = "KEMET"; VariantName = "[No Variations]"
Change component parameters (AddParameter): Name = "ManufacturerPartNumber"; Value = "C0603C104J3RAC7411"; VariantName = "[No Variations]"
Change component parameters (AddParameter): Name = "MaxTemp"; Value = "125°C"; VariantName = "[No Variations]"
Change component parameters (AddParameter): Name = "MinTemp"; Value = "-55°C "; VariantName = "[No Variations]"
Change component parameters (AddParameter): Name = "PartStatus"; Value = "Active"; VariantName = "[No Variations]"
Change component parameters (AddParameter): Name = "Price"; Value = "0.43"; VariantName = "[No Variations]"
Change component parameters (AddParameter): Name = "Supplier"; Value = "Digikey"; VariantName = "[No Variations]"
Change component parameters (AddParameter): Name = "SupplierPartNumber"; Value = "399-C0603C104J3RAC7411CT-ND"; VariantName = "[No Variations]"
Change component parameters: Designator = "R8" ("R8"); Footprint = "RESISTOR0603"; UniqueID = "\YWKLIJYU" ("\YWKLIJYU")
Change component parameters (AddParameter): Name = "ComponentLink1Description"; Value = "Supplier Link"; VariantName = "[No Variations]"
Change component parameters (AddParameter): Name = "ComponentLink1URL"; Value = "https://www.digikey.com/en/products/detail/stackpole-electronics-inc/RMCF0603ZT0R00/1756908"; VariantName = "[No Variations]"
Change component parameters (AddParameter): Name = "Manufacturer Part Number"; Value = "RMCF0603ZT0R00"; VariantName = "[No Variations]"
Change component parameters (AddParameter): Name = "Max Temp"; Value = "155°C"; VariantName = "[No Variations]"
Change component parameters (AddParameter): Name = "Min Temp"; Value = "-55°C "; VariantName = "[No Variations]"
Change component parameters (AddParameter): Name = "Part Status"; Value = "Active"; VariantName = "[No Variations]"
Change component parameters (AddParameter): Name = "Price"; Value = "0.10"; VariantName = "[No Variations]"
Change component parameters (AddParameter): Name = "Supplier Part Number"; Value = "RMCF0603ZT0R00CT-ND"; VariantName = "[No Variations]"
Change component parameters: Designator = "R9" ("R9"); Footprint = "RESISTOR0603"; UniqueID = "\OQTHTGRH" ("\OQTHTGRH")
Change component parameters (AddParameter): Name = "ComponentLink1Description"; Value = "Supplier Link"; VariantName = "[No Variations]"
Change component parameters (AddParameter): Name = "ComponentLink1URL"; Value = "https://www.digikey.com/en/products/detail/stackpole-electronics-inc/RMCF0603ZT0R00/1756908"; VariantName = "[No Variations]"
Change component parameters (AddParameter): Name = "Manufacturer Part Number"; Value = "RMCF0603ZT0R00"; VariantName = "[No Variations]"
Change component parameters (AddParameter): Name = "Max Temp"; Value = "155°C"; VariantName = "[No Variations]"
Change component parameters (AddParameter): Name = "Min Temp"; Value = "-55°C "; VariantName = "[No Variations]"
Change component parameters (AddParameter): Name = "Part Status"; Value = "Active"; VariantName = "[No Variations]"
Change component parameters (AddParameter): Name = "Price"; Value = "0.10"; VariantName = "[No Variations]"
Change component parameters (AddParameter): Name = "Supplier Part Number"; Value = "RMCF0603ZT0R00CT-ND"; VariantName = "[No Variations]"
Change component parameters: Designator = "J4" ("J4"); Footprint = "TE_1981568-1"; UniqueID = "\ORXOIRGE" ("\ORXOIRGE")
Change component parameters (AddParameter): Name = "ComponentLink1Description"; Value = "SupplierURL"; VariantName = "[No Variations]"
Change component parameters (AddParameter): Name = "ComponentLink1URL"; Value = "https://www.digikey.com/en/products/detail/te-connectivity-amp-connectors/1981568-1/1786248"; VariantName = "[No Variations]"
Change component parameters (AddParameter): Name = "Manufacturer"; Value = "TE Connectivity AMP Connectors"; VariantName = "[No Variations]"
Change component parameters (AddParameter): Name = "ManufacturerPartNumber"; Value = "1981568-1"; VariantName = "[No Variations]"
Change component parameters (AddParameter): Name = "MaxTemp"; Value = " 85°C"; VariantName = "[No Variations]"
Change component parameters (AddParameter): Name = "MinTemp"; Value = "-30°C "; VariantName = "[No Variations]"
Change component parameters (AddParameter): Name = "PartStatus"; Value = "Active"; VariantName = "[No Variations]"
Change component parameters (AddParameter): Name = "Price"; Value = "1.71"; VariantName = "[No Variations]"
Change component parameters (AddParameter): Name = "Supplier"; Value = "Digikey"; VariantName = "[No Variations]"
Change component parameters (AddParameter): Name = "SupplierPartNumber"; Value = "A97800CT-ND"; VariantName = "[No Variations]"
Change component parameters: Designator = "U1" ("U1"); Footprint = "24-WQFN"; UniqueID = "\GZYFICMB" ("\GZYFICMB")
Change component parameters (AddParameter): Name = "ComponentLink1Description"; Value = "SupplierURL"; VariantName = "[No Variations]"
Change component parameters (AddParameter): Name = "ComponentLink1URL"; Value = "https://www.digikey.com/en/products/detail/texas-instruments/BQ25895RTWR/5214018"; VariantName = "[No Variations]"
Change component parameters (AddParameter): Name = "Manufacturer"; Value = "Texas Instruments"; VariantName = "[No Variations]"
Change component parameters (AddParameter): Name = "ManufacturerPartNumber"; Value = "BQ25895RTWR"; VariantName = "[No Variations]"
Change component parameters (AddParameter): Name = "MaxTemp"; Value = "85°C "; VariantName = "[No Variations]"
Change component parameters (AddParameter): Name = "MinTemp"; Value = "-40°C "; VariantName = "[No Variations]"
Change component parameters (AddParameter): Name = "PartStatus"; Value = "Active"; VariantName = "[No Variations]"
Change component parameters (AddParameter): Name = "Price"; Value = "3.46"; VariantName = "[No Variations]"
Change component parameters (AddParameter): Name = "Supplier"; Value = "Digikey"; VariantName = "[No Variations]"
Change component parameters (AddParameter): Name = "SupplierPartNumber"; Value = "296-44345-1-ND"; VariantName = "[No Variations]"
Added Component: Designator=J13(castellated_small)
Added Component: Designator=J14(castellated_small)
Added Pin To Net: NetName=BQ25895_PMID Pin=J1-1
Added Pin To Net: NetName=BQ25895_PMID Pin=J1-1
Added Pin To Net: NetName=VBUS Pin=J3-1
Added Pin To Net: NetName=VBUS Pin=J3-1
Added Pin To Net: NetName=GND Pin=J5-1
Added Pin To Net: NetName=GND Pin=J5-1
Added Pin To Net: NetName=BQ25895_SYS Pin=J7-1
Added Pin To Net: NetName=BQ25895_SYS Pin=J7-1
Added Pin To Net: NetName=BQ25895_BAT Pin=J13-1
Added Pin To Net: NetName=BQ25895_BAT Pin=J13-1
Added Pin To Net: NetName=GND Pin=J14-1
Added Pin To Net: NetName=GND Pin=J14-1
Added Member To Class: ClassName=[01]BQ25895_BMS Member=Component J13 CS
Added Member To Class: ClassName=[01]BQ25895_BMS Member=Component J14 CS
Added Room: Name=[01]BQ25895_BMS
