Added Component: Designator=C1(Capacitor_0603)
Add component (AddParameter): Name = "ComponentLink1Description"; Value = "SupplierURL"; VariantName = "[No Variations]"
Add component (AddParameter): Name = "ComponentLink1URL"; Value = "https://www.digikey.com/en/products/detail/murata-electronics/GRM188R61E106KA73D/9867922"; VariantName = "[No Variations]"
Add component (AddParameter): Name = "Manufacturer"; Value = "Murata Electronics"; VariantName = "[No Variations]"
Add component (AddParameter): Name = "ManufacturerPartNumber"; Value = "GRM188R61E106KA73D"; VariantName = "[No Variations]"
Add component (AddParameter): Name = "MaxTemp"; Value = "85°C"; VariantName = "[No Variations]"
Add component (AddParameter): Name = "MinTemp"; Value = "-55°C "; VariantName = "[No Variations]"
Add component (AddParameter): Name = "PartStatus"; Value = "Active"; VariantName = "[No Variations]"
Add component (AddParameter): Name = "Price"; Value = "0.32"; VariantName = "[No Variations]"
Add component (AddParameter): Name = "Supplier"; Value = "Digikey"; VariantName = "[No Variations]"
Add component (AddParameter): Name = "SupplierPartNumber"; Value = "490-18214-1-ND"; VariantName = "[No Variations]"
Added Component: Designator=C2(Capacitor_0603)
Add component (AddParameter): Name = "ComponentLink1Description"; Value = "SupplierURL"; VariantName = "[No Variations]"
Add component (AddParameter): Name = "ComponentLink1URL"; Value = "https://www.digikey.com/en/products/detail/kemet/C0603C104J3RAC7411/12701256"; VariantName = "[No Variations]"
Add component (AddParameter): Name = "Manufacturer"; Value = "KEMET"; VariantName = "[No Variations]"
Add component (AddParameter): Name = "ManufacturerPartNumber"; Value = "C0603C104J3RAC7411"; VariantName = "[No Variations]"
Add component (AddParameter): Name = "MaxTemp"; Value = "125°C"; VariantName = "[No Variations]"
Add component (AddParameter): Name = "MinTemp"; Value = "-55°C "; VariantName = "[No Variations]"
Add component (AddParameter): Name = "PartStatus"; Value = "Active"; VariantName = "[No Variations]"
Add component (AddParameter): Name = "Price"; Value = "0.43"; VariantName = "[No Variations]"
Add component (AddParameter): Name = "Supplier"; Value = "Digikey"; VariantName = "[No Variations]"
Add component (AddParameter): Name = "SupplierPartNumber"; Value = "399-C0603C104J3RAC7411CT-ND"; VariantName = "[No Variations]"
Added Component: Designator=C3(Capacitor_0603)
Add component (AddParameter): Name = "Manufacturer"; Value = "Murata Electronics"; VariantName = "[No Variations]"
Add component (AddParameter): Name = "ManufacturerPartNumber"; Value = "GRM188C71C475KE21D"; VariantName = "[No Variations]"
Add component (AddParameter): Name = "MaxTemp"; Value = "125°C"; VariantName = "[No Variations]"
Add component (AddParameter): Name = "MinTemp"; Value = "-55°C"; VariantName = "[No Variations]"
Add component (AddParameter): Name = "PartStatus"; Value = "Active"; VariantName = "[No Variations]"
Add component (AddParameter): Name = "Price"; Value = "0.38"; VariantName = "[No Variations]"
Add component (AddParameter): Name = "Supplier"; Value = "Digikey"; VariantName = "[No Variations]"
Add component (AddParameter): Name = "SupplierPartNumber"; Value = "490-16337-1-ND"; VariantName = "[No Variations]"
Added Component: Designator=C4(CAPACITOR_0402)
Add component (AddParameter): Name = "ComponentLink1Description"; Value = "SupplierURL"; VariantName = "[No Variations]"
Add component (AddParameter): Name = "ComponentLink1URL"; Value = "https://www.digikey.com/en/products/detail/avx-corporation/0402YD475MAT2A/6221357"; VariantName = "[No Variations]"
Add component (AddParameter): Name = "Manufacturer"; Value = "AVX Corporation"; VariantName = "[No Variations]"
Add component (AddParameter): Name = "ManufacturerPartNumber"; Value = "0402YD475MAT2A"; VariantName = "[No Variations]"
Add component (AddParameter): Name = "MaxTemp"; Value = "85°C"; VariantName = "[No Variations]"
Add component (AddParameter): Name = "MinTemp"; Value = "-55°C"; VariantName = "[No Variations]"
Add component (AddParameter): Name = "PartStatus"; Value = "Active"; VariantName = "[No Variations]"
Add component (AddParameter): Name = "Price"; Value = "0.29"; VariantName = "[No Variations]"
Add component (AddParameter): Name = "Supplier"; Value = "Digikey"; VariantName = "[No Variations]"
Add component (AddParameter): Name = "SupplierPartNumber"; Value = "478-10788-1-ND"; VariantName = "[No Variations]"
Added Component: Designator=C5(Capacitor_0603)
Add component (AddParameter): Name = "ComponentLink1Description"; Value = "SupplierURL"; VariantName = "[No Variations]"
Add component (AddParameter): Name = "ComponentLink1URL"; Value = "https://www.digikey.com/en/products/detail/murata-electronics/GRM188R61E106KA73D/9867922"; VariantName = "[No Variations]"
Add component (AddParameter): Name = "Manufacturer"; Value = "Murata Electronics"; VariantName = "[No Variations]"
Add component (AddParameter): Name = "ManufacturerPartNumber"; Value = "GRM188R61E106KA73D"; VariantName = "[No Variations]"
Add component (AddParameter): Name = "MaxTemp"; Value = "85°C"; VariantName = "[No Variations]"
Add component (AddParameter): Name = "MinTemp"; Value = "-55°C "; VariantName = "[No Variations]"
Add component (AddParameter): Name = "PartStatus"; Value = "Active"; VariantName = "[No Variations]"
Add component (AddParameter): Name = "Price"; Value = "0.32"; VariantName = "[No Variations]"
Add component (AddParameter): Name = "Supplier"; Value = "Digikey"; VariantName = "[No Variations]"
Add component (AddParameter): Name = "SupplierPartNumber"; Value = "490-18214-1-ND"; VariantName = "[No Variations]"
Added Component: Designator=C6(Capacitor_0603)
Add component (AddParameter): Name = "ComponentLink1Description"; Value = "SupplierURL"; VariantName = "[No Variations]"
Add component (AddParameter): Name = "ComponentLink1URL"; Value = "https://www.digikey.com/en/products/detail/murata-electronics/GRM188R61E106KA73D/9867922"; VariantName = "[No Variations]"
Add component (AddParameter): Name = "Manufacturer"; Value = "Murata Electronics"; VariantName = "[No Variations]"
Add component (AddParameter): Name = "ManufacturerPartNumber"; Value = "GRM188R61E106KA73D"; VariantName = "[No Variations]"
Add component (AddParameter): Name = "MaxTemp"; Value = "85°C"; VariantName = "[No Variations]"
Add component (AddParameter): Name = "MinTemp"; Value = "-55°C "; VariantName = "[No Variations]"
Add component (AddParameter): Name = "PartStatus"; Value = "Active"; VariantName = "[No Variations]"
Add component (AddParameter): Name = "Price"; Value = "0.32"; VariantName = "[No Variations]"
Add component (AddParameter): Name = "Supplier"; Value = "Digikey"; VariantName = "[No Variations]"
Add component (AddParameter): Name = "SupplierPartNumber"; Value = "490-18214-1-ND"; VariantName = "[No Variations]"
Added Component: Designator=C7(Capacitor_0603)
Add component (AddParameter): Name = "ComponentLink1Description"; Value = "SupplierURL"; VariantName = "[No Variations]"
Add component (AddParameter): Name = "ComponentLink1URL"; Value = "https://www.digikey.com/en/products/detail/murata-electronics/GRM188R61E106KA73D/9867922"; VariantName = "[No Variations]"
Add component (AddParameter): Name = "Manufacturer"; Value = "Murata Electronics"; VariantName = "[No Variations]"
Add component (AddParameter): Name = "ManufacturerPartNumber"; Value = "GRM188R61E106KA73D"; VariantName = "[No Variations]"
Add component (AddParameter): Name = "MaxTemp"; Value = "85°C"; VariantName = "[No Variations]"
Add component (AddParameter): Name = "MinTemp"; Value = "-55°C "; VariantName = "[No Variations]"
Add component (AddParameter): Name = "PartStatus"; Value = "Active"; VariantName = "[No Variations]"
Add component (AddParameter): Name = "Price"; Value = "0.32"; VariantName = "[No Variations]"
Add component (AddParameter): Name = "Supplier"; Value = "Digikey"; VariantName = "[No Variations]"
Add component (AddParameter): Name = "SupplierPartNumber"; Value = "490-18214-1-ND"; VariantName = "[No Variations]"
Added Component: Designator=C8(Capacitor_0603)
Add component (AddParameter): Name = "ComponentLink1Description"; Value = "SupplierURL"; VariantName = "[No Variations]"
Add component (AddParameter): Name = "ComponentLink1URL"; Value = "https://www.digikey.com/en/products/detail/kemet/C0603C104J3RAC7411/12701256"; VariantName = "[No Variations]"
Add component (AddParameter): Name = "Manufacturer"; Value = "KEMET"; VariantName = "[No Variations]"
Add component (AddParameter): Name = "ManufacturerPartNumber"; Value = "C0603C104J3RAC7411"; VariantName = "[No Variations]"
Add component (AddParameter): Name = "MaxTemp"; Value = "125°C"; VariantName = "[No Variations]"
Add component (AddParameter): Name = "MinTemp"; Value = "-55°C "; VariantName = "[No Variations]"
Add component (AddParameter): Name = "PartStatus"; Value = "Active"; VariantName = "[No Variations]"
Add component (AddParameter): Name = "Price"; Value = "0.43"; VariantName = "[No Variations]"
Add component (AddParameter): Name = "Supplier"; Value = "Digikey"; VariantName = "[No Variations]"
Add component (AddParameter): Name = "SupplierPartNumber"; Value = "399-C0603C104J3RAC7411CT-ND"; VariantName = "[No Variations]"
Added Component: Designator=J1(Castellated_Connector)
Added Component: Designator=J2(Castellated_Connector)
Added Component: Designator=J3(Castellated_Connector)
Added Component: Designator=J4(TE_1981568-1)
Add component (AddParameter): Name = "ComponentLink1Description"; Value = "SupplierURL"; VariantName = "[No Variations]"
Add component (AddParameter): Name = "ComponentLink1URL"; Value = "https://www.digikey.com/en/products/detail/te-connectivity-amp-connectors/1981568-1/1786248"; VariantName = "[No Variations]"
Add component (AddParameter): Name = "Manufacturer"; Value = "TE Connectivity AMP Connectors"; VariantName = "[No Variations]"
Add component (AddParameter): Name = "ManufacturerPartNumber"; Value = "1981568-1"; VariantName = "[No Variations]"
Add component (AddParameter): Name = "MaxTemp"; Value = " 85°C"; VariantName = "[No Variations]"
Add component (AddParameter): Name = "MinTemp"; Value = "-30°C "; VariantName = "[No Variations]"
Add component (AddParameter): Name = "PartStatus"; Value = "Active"; VariantName = "[No Variations]"
Add component (AddParameter): Name = "Price"; Value = "1.71"; VariantName = "[No Variations]"
Add component (AddParameter): Name = "Supplier"; Value = "Digikey"; VariantName = "[No Variations]"
Add component (AddParameter): Name = "SupplierPartNumber"; Value = "A97800CT-ND"; VariantName = "[No Variations]"
Added Component: Designator=J5(Castellated_Connector)
Added Component: Designator=J6(Castellated_Connector)
Added Component: Designator=J7(Castellated_Connector)
Added Component: Designator=L1(22uh inductor)
Add component (AddParameter): Name = "ComponentLink1Description"; Value = "SupplierURL"; VariantName = "[No Variations]"
Add component (AddParameter): Name = "ComponentLink1URL"; Value = "https://www.digikey.com/en/products/detail/würth-elektronik/7440650022/1638460"; VariantName = "[No Variations]"
Add component (AddParameter): Name = "Manufacturer"; Value = "Würth Elektronik"; VariantName = "[No Variations]"
Add component (AddParameter): Name = "ManufacturerPartNumber"; Value = "7440650022"; VariantName = "[No Variations]"
Add component (AddParameter): Name = "MaxTemp"; Value = "125°C"; VariantName = "[No Variations]"
Add component (AddParameter): Name = "MinTemp"; Value = "-40"; VariantName = "[No Variations]"
Add component (AddParameter): Name = "Price"; Value = "1.80"; VariantName = "[No Variations]"
Add component (AddParameter): Name = "Supplier"; Value = "Digikey"; VariantName = "[No Variations]"
Add component (AddParameter): Name = "SupplierPartNumber"; Value = "732-1055-1-ND"; VariantName = "[No Variations]"
Added Component: Designator=R1(RESISTOR0603)
Add component (AddParameter): Name = "ComponentLink1Description"; Value = "SupplierURL"; VariantName = "[No Variations]"
Add component (AddParameter): Name = "ComponentLink1URL"; Value = "https://www.digikey.com/en/products/detail/stackpole-electronics-inc/RMCF0603JT10K0/1758104"; VariantName = "[No Variations]"
Add component (AddParameter): Name = "Manufacturer"; Value = "Stackpole Electronics Inc"; VariantName = "[No Variations]"
Add component (AddParameter): Name = "ManufacturerPartNumber"; Value = "RMCF0603JT10K0"; VariantName = "[No Variations]"
Add component (AddParameter): Name = "MaxTemp"; Value = "155°C"; VariantName = "[No Variations]"
Add component (AddParameter): Name = "MinTemp"; Value = "-55°C"; VariantName = "[No Variations]"
Add component (AddParameter): Name = "PartStatus"; Value = "Active"; VariantName = "[No Variations]"
Add component (AddParameter): Name = "Price"; Value = "0.10"; VariantName = "[No Variations]"
Add component (AddParameter): Name = "Supplier"; Value = "Digikey"; VariantName = "[No Variations]"
Add component (AddParameter): Name = "SupplierPartNumber"; Value = "RMCF0603JT10K0CT-ND"; VariantName = "[No Variations]"
Added Component: Designator=R2(RESISTOR0603)
Add component (AddParameter): Name = "ComponentLink1Description"; Value = "SupplierURL"; VariantName = "[No Variations]"
Add component (AddParameter): Name = "ComponentLink1URL"; Value = "https://www.digikey.com/en/products/detail/stackpole-electronics-inc/RMCF0603JT10K0/1758104"; VariantName = "[No Variations]"
Add component (AddParameter): Name = "Manufacturer"; Value = "Stackpole Electronics Inc"; VariantName = "[No Variations]"
Add component (AddParameter): Name = "ManufacturerPartNumber"; Value = "RMCF0603JT10K0"; VariantName = "[No Variations]"
Add component (AddParameter): Name = "MaxTemp"; Value = "155°C"; VariantName = "[No Variations]"
Add component (AddParameter): Name = "MinTemp"; Value = "-55°C"; VariantName = "[No Variations]"
Add component (AddParameter): Name = "PartStatus"; Value = "Active"; VariantName = "[No Variations]"
Add component (AddParameter): Name = "Price"; Value = "0.10"; VariantName = "[No Variations]"
Add component (AddParameter): Name = "Supplier"; Value = "Digikey"; VariantName = "[No Variations]"
Add component (AddParameter): Name = "SupplierPartNumber"; Value = "RMCF0603JT10K0CT-ND"; VariantName = "[No Variations]"
Added Component: Designator=R3(RESISTOR0603)
Add component (AddParameter): Name = "ComponentLink1Description"; Value = "SupplierURL"; VariantName = "[No Variations]"
Add component (AddParameter): Name = "ComponentLink1URL"; Value = "https://www.digikey.com/en/products/detail/stackpole-electronics-inc/RMCF0603JT10K0/1758104"; VariantName = "[No Variations]"
Add component (AddParameter): Name = "Manufacturer"; Value = "Stackpole Electronics Inc"; VariantName = "[No Variations]"
Add component (AddParameter): Name = "ManufacturerPartNumber"; Value = "RMCF0603JT10K0"; VariantName = "[No Variations]"
Add component (AddParameter): Name = "MaxTemp"; Value = "155°C"; VariantName = "[No Variations]"
Add component (AddParameter): Name = "MinTemp"; Value = "-55°C"; VariantName = "[No Variations]"
Add component (AddParameter): Name = "PartStatus"; Value = "Active"; VariantName = "[No Variations]"
Add component (AddParameter): Name = "Price"; Value = "0.10"; VariantName = "[No Variations]"
Add component (AddParameter): Name = "Supplier"; Value = "Digikey"; VariantName = "[No Variations]"
Add component (AddParameter): Name = "SupplierPartNumber"; Value = "RMCF0603JT10K0CT-ND"; VariantName = "[No Variations]"
Added Component: Designator=R4(RESISTOR0603)
Add component (AddParameter): Name = "ComponentLink1Description"; Value = "SupplierURL"; VariantName = "[No Variations]"
Add component (AddParameter): Name = "ComponentLink1URL"; Value = "https://www.digikey.com/en/products/detail/stackpole-electronics-inc/RMCF0603JT10K0/1758104"; VariantName = "[No Variations]"
Add component (AddParameter): Name = "Manufacturer"; Value = "Stackpole Electronics Inc"; VariantName = "[No Variations]"
Add component (AddParameter): Name = "ManufacturerPartNumber"; Value = "RMCF0603JT10K0"; VariantName = "[No Variations]"
Add component (AddParameter): Name = "MaxTemp"; Value = "155°C"; VariantName = "[No Variations]"
Add component (AddParameter): Name = "MinTemp"; Value = "-55°C"; VariantName = "[No Variations]"
Add component (AddParameter): Name = "PartStatus"; Value = "Active"; VariantName = "[No Variations]"
Add component (AddParameter): Name = "Price"; Value = "0.10"; VariantName = "[No Variations]"
Add component (AddParameter): Name = "Supplier"; Value = "Digikey"; VariantName = "[No Variations]"
Add component (AddParameter): Name = "SupplierPartNumber"; Value = "RMCF0603JT10K0CT-ND"; VariantName = "[No Variations]"
Added Component: Designator=R5(RESISTOR0603)
Add component (AddParameter): Name = "ComponentLink1Description"; Value = "SupplierURL"; VariantName = "[No Variations]"
Add component (AddParameter): Name = "ComponentLink1URL"; Value = "https://www.digikey.com/en/products/detail/stackpole-electronics-inc/RMCF0603JT10K0/1758104"; VariantName = "[No Variations]"
Add component (AddParameter): Name = "Manufacturer"; Value = "Stackpole Electronics Inc"; VariantName = "[No Variations]"
Add component (AddParameter): Name = "ManufacturerPartNumber"; Value = "RMCF0603JT10K0"; VariantName = "[No Variations]"
Add component (AddParameter): Name = "MaxTemp"; Value = "155°C"; VariantName = "[No Variations]"
Add component (AddParameter): Name = "MinTemp"; Value = "-55°C"; VariantName = "[No Variations]"
Add component (AddParameter): Name = "PartStatus"; Value = "Active"; VariantName = "[No Variations]"
Add component (AddParameter): Name = "Price"; Value = "0.10"; VariantName = "[No Variations]"
Add component (AddParameter): Name = "Supplier"; Value = "Digikey"; VariantName = "[No Variations]"
Add component (AddParameter): Name = "SupplierPartNumber"; Value = "RMCF0603JT10K0CT-ND"; VariantName = "[No Variations]"
Added Component: Designator=R6(RESISTOR0603)
Add component (AddParameter): Name = "ComponentLink1Description"; Value = "SupplierURL"; VariantName = "[No Variations]"
Add component (AddParameter): Name = "ComponentLink1URL"; Value = "https://www.digikey.com/en/products/detail/stackpole-electronics-inc/RMCF0603JT10K0/1758104"; VariantName = "[No Variations]"
Add component (AddParameter): Name = "Manufacturer"; Value = "Stackpole Electronics Inc"; VariantName = "[No Variations]"
Add component (AddParameter): Name = "ManufacturerPartNumber"; Value = "RMCF0603JT10K0"; VariantName = "[No Variations]"
Add component (AddParameter): Name = "MaxTemp"; Value = "155°C"; VariantName = "[No Variations]"
Add component (AddParameter): Name = "MinTemp"; Value = "-55°C"; VariantName = "[No Variations]"
Add component (AddParameter): Name = "PartStatus"; Value = "Active"; VariantName = "[No Variations]"
Add component (AddParameter): Name = "Price"; Value = "0.10"; VariantName = "[No Variations]"
Add component (AddParameter): Name = "Supplier"; Value = "Digikey"; VariantName = "[No Variations]"
Add component (AddParameter): Name = "SupplierPartNumber"; Value = "RMCF0603JT10K0CT-ND"; VariantName = "[No Variations]"
Added Component: Designator=R7(RESISTOR0603)
Add component (AddParameter): Name = "ComponentLink1Description"; Value = "SupplierURL"; VariantName = "[No Variations]"
Add component (AddParameter): Name = "ComponentLink1URL"; Value = "https://www.digikey.com/en/products/detail/stackpole-electronics-inc/RMCF0603JT10K0/1758104"; VariantName = "[No Variations]"
Add component (AddParameter): Name = "Manufacturer"; Value = "Stackpole Electronics Inc"; VariantName = "[No Variations]"
Add component (AddParameter): Name = "ManufacturerPartNumber"; Value = "RMCF0603JT10K0"; VariantName = "[No Variations]"
Add component (AddParameter): Name = "MaxTemp"; Value = "155°C"; VariantName = "[No Variations]"
Add component (AddParameter): Name = "MinTemp"; Value = "-55°C"; VariantName = "[No Variations]"
Add component (AddParameter): Name = "PartStatus"; Value = "Active"; VariantName = "[No Variations]"
Add component (AddParameter): Name = "Price"; Value = "0.10"; VariantName = "[No Variations]"
Add component (AddParameter): Name = "Supplier"; Value = "Digikey"; VariantName = "[No Variations]"
Add component (AddParameter): Name = "SupplierPartNumber"; Value = "RMCF0603JT10K0CT-ND"; VariantName = "[No Variations]"
Added Component: Designator=R8(RESISTOR0603)
Add component (AddParameter): Name = "ComponentLink1Description"; Value = "Supplier Link"; VariantName = "[No Variations]"
Add component (AddParameter): Name = "ComponentLink1URL"; Value = "https://www.digikey.com/en/products/detail/stackpole-electronics-inc/RMCF0603ZT0R00/1756908"; VariantName = "[No Variations]"
Add component (AddParameter): Name = "Manufacturer Part Number"; Value = "RMCF0603ZT0R00"; VariantName = "[No Variations]"
Add component (AddParameter): Name = "Max Temp"; Value = "155°C"; VariantName = "[No Variations]"
Add component (AddParameter): Name = "Min Temp"; Value = "-55°C "; VariantName = "[No Variations]"
Add component (AddParameter): Name = "Part Status"; Value = "Active"; VariantName = "[No Variations]"
Add component (AddParameter): Name = "Price"; Value = "0.10"; VariantName = "[No Variations]"
Add component (AddParameter): Name = "Supplier Part Number"; Value = "RMCF0603ZT0R00CT-ND"; VariantName = "[No Variations]"
Added Component: Designator=R9(RESISTOR0603)
Add component (AddParameter): Name = "ComponentLink1Description"; Value = "Supplier Link"; VariantName = "[No Variations]"
Add component (AddParameter): Name = "ComponentLink1URL"; Value = "https://www.digikey.com/en/products/detail/stackpole-electronics-inc/RMCF0603ZT0R00/1756908"; VariantName = "[No Variations]"
Add component (AddParameter): Name = "Manufacturer Part Number"; Value = "RMCF0603ZT0R00"; VariantName = "[No Variations]"
Add component (AddParameter): Name = "Max Temp"; Value = "155°C"; VariantName = "[No Variations]"
Add component (AddParameter): Name = "Min Temp"; Value = "-55°C "; VariantName = "[No Variations]"
Add component (AddParameter): Name = "Part Status"; Value = "Active"; VariantName = "[No Variations]"
Add component (AddParameter): Name = "Price"; Value = "0.10"; VariantName = "[No Variations]"
Add component (AddParameter): Name = "Supplier Part Number"; Value = "RMCF0603ZT0R00CT-ND"; VariantName = "[No Variations]"
Added Component: Designator=U1(24-WQFN)
Add component (AddParameter): Name = "ComponentLink1Description"; Value = "SupplierURL"; VariantName = "[No Variations]"
Add component (AddParameter): Name = "ComponentLink1URL"; Value = "https://www.digikey.com/en/products/detail/texas-instruments/BQ25895RTWR/5214018"; VariantName = "[No Variations]"
Add component (AddParameter): Name = "Manufacturer"; Value = "Texas Instruments"; VariantName = "[No Variations]"
Add component (AddParameter): Name = "ManufacturerPartNumber"; Value = "BQ25895RTWR"; VariantName = "[No Variations]"
Add component (AddParameter): Name = "MaxTemp"; Value = "85°C "; VariantName = "[No Variations]"
Add component (AddParameter): Name = "MinTemp"; Value = "-40°C "; VariantName = "[No Variations]"
Add component (AddParameter): Name = "PartStatus"; Value = "Active"; VariantName = "[No Variations]"
Add component (AddParameter): Name = "Price"; Value = "3.46"; VariantName = "[No Variations]"
Add component (AddParameter): Name = "Supplier"; Value = "Digikey"; VariantName = "[No Variations]"
Add component (AddParameter): Name = "SupplierPartNumber"; Value = "296-44345-1-ND"; VariantName = "[No Variations]"
Added Pin To Net: NetName=BQ25895_\Q\O\N\ Pin=J6-1
Added Pin To Net: NetName=BQ25895_\Q\O\N\ Pin=U1-12
Added Net: Name=BQ25895_\Q\O\N\
Added Pin To Net: NetName=BQ25895_BAT Pin=C7-2
Added Pin To Net: NetName=BQ25895_BAT Pin=C8-2
Added Pin To Net: NetName=BQ25895_BAT Pin=J5-1
Added Pin To Net: NetName=BQ25895_BAT Pin=U1-13
Added Pin To Net: NetName=BQ25895_BAT Pin=U1-14
Added Net: Name=BQ25895_BAT
Added Pin To Net: NetName=BQ25895_ILIM Pin=R9-2
Added Pin To Net: NetName=BQ25895_ILIM Pin=U1-10
Added Net: Name=BQ25895_ILIM
Added Pin To Net: NetName=BQ25895_INT Pin=R6-1
Added Pin To Net: NetName=BQ25895_INT Pin=U1-7
Added Net: Name=BQ25895_INT
Added Pin To Net: NetName=BQ25895_OTG Pin=R3-1
Added Pin To Net: NetName=BQ25895_OTG Pin=R8-2
Added Pin To Net: NetName=BQ25895_OTG Pin=U1-8
Added Net: Name=BQ25895_OTG
Added Pin To Net: NetName=BQ25895_PMID Pin=U1-23
Added Net: Name=BQ25895_PMID
Added Pin To Net: NetName=BQ25895_SCL Pin=R4-1
Added Pin To Net: NetName=BQ25895_SCL Pin=U1-5
Added Net: Name=BQ25895_SCL
Added Pin To Net: NetName=BQ25895_SDA Pin=R5-1
Added Pin To Net: NetName=BQ25895_SDA Pin=U1-6
Added Net: Name=BQ25895_SDA
Added Pin To Net: NetName=BQ25895_STAT Pin=U1-4
Added Net: Name=BQ25895_STAT
Added Pin To Net: NetName=BQ25895_SYS Pin=U1-15
Added Pin To Net: NetName=BQ25895_SYS Pin=U1-16
Added Net: Name=BQ25895_SYS
Added Pin To Net: NetName=BQ25895_TS Pin=R2-1
Added Pin To Net: NetName=BQ25895_TS Pin=R7-2
Added Pin To Net: NetName=BQ25895_TS Pin=U1-11
Added Net: Name=BQ25895_TS
Added Pin To Net: NetName=GND Pin=C1-1
Added Pin To Net: NetName=GND Pin=C2-1
Added Pin To Net: NetName=GND Pin=C3-1
Added Pin To Net: NetName=GND Pin=C5-1
Added Pin To Net: NetName=GND Pin=C6-1
Added Pin To Net: NetName=GND Pin=C7-1
Added Pin To Net: NetName=GND Pin=C8-1
Added Pin To Net: NetName=GND Pin=J2-1
Added Pin To Net: NetName=GND Pin=J4-5
Added Pin To Net: NetName=GND Pin=J4-6
Added Pin To Net: NetName=GND Pin=J4-7
Added Pin To Net: NetName=GND Pin=J4-8
Added Pin To Net: NetName=GND Pin=J4-9
Added Pin To Net: NetName=GND Pin=J4-10
Added Pin To Net: NetName=GND Pin=J4-11
Added Pin To Net: NetName=GND Pin=J7-1
Added Pin To Net: NetName=GND Pin=R1-1
Added Pin To Net: NetName=GND Pin=R7-1
Added Pin To Net: NetName=GND Pin=R8-1
Added Pin To Net: NetName=GND Pin=R9-1
Added Pin To Net: NetName=GND Pin=U1-17
Added Pin To Net: NetName=GND Pin=U1-18
Added Pin To Net: NetName=GND Pin=U1-25
Added Net: Name=GND
Added Pin To Net: NetName=NetC4_1 Pin=C4-1
Added Pin To Net: NetName=NetC4_1 Pin=L1-1
Added Pin To Net: NetName=NetC4_1 Pin=U1-19
Added Pin To Net: NetName=NetC4_1 Pin=U1-20
Added Net: Name=NetC4_1
Added Pin To Net: NetName=NetC4_2 Pin=C4-2
Added Pin To Net: NetName=NetC4_2 Pin=U1-21
Added Net: Name=NetC4_2
Added Pin To Net: NetName=NetR1_2 Pin=R1-2
Added Pin To Net: NetName=NetR1_2 Pin=U1-9
Added Net: Name=NetR1_2
Added Pin To Net: NetName=REGN Pin=C3-2
Added Pin To Net: NetName=REGN Pin=R2-2
Added Pin To Net: NetName=REGN Pin=U1-22
Added Net: Name=REGN
Added Pin To Net: NetName=USB_N Pin=J4-2
Added Pin To Net: NetName=USB_N Pin=U1-3
Added Net: Name=USB_N
Added Pin To Net: NetName=USB_P Pin=J4-3
Added Pin To Net: NetName=USB_P Pin=U1-2
Added Net: Name=USB_P
Added Pin To Net: NetName=VBUS Pin=C1-2
Added Pin To Net: NetName=VBUS Pin=C2-2
Added Pin To Net: NetName=VBUS Pin=J1-1
Added Pin To Net: NetName=VBUS Pin=J4-1
Added Pin To Net: NetName=VBUS Pin=U1-1
Added Net: Name=VBUS
Added Pin To Net: NetName=VSYS Pin=C5-2
Added Pin To Net: NetName=VSYS Pin=C6-2
Added Pin To Net: NetName=VSYS Pin=J3-1
Added Pin To Net: NetName=VSYS Pin=L1-2
Added Pin To Net: NetName=VSYS Pin=R3-2
Added Pin To Net: NetName=VSYS Pin=R4-2
Added Pin To Net: NetName=VSYS Pin=R5-2
Added Pin To Net: NetName=VSYS Pin=R6-2
Added Net: Name=VSYS
Added Class: Name=[01]BQ25895_BMS
Added Differential Pair: Name=USB
Added Room: Name=[01]BQ25895_BMS
