Removed Pin From Net: NetName=BQ25895_SCL Pin=J9-1
Removed Pin From Net: NetName=BQ25895_SCL Pin=J9-1
Removed Pin From Net: NetName=BQ25895_SDA Pin=J10-1
Removed Pin From Net: NetName=BQ25895_SDA Pin=J10-1
Removed Pin From Net: NetName=BQ25895_INT Pin=J11-1
Removed Pin From Net: NetName=BQ25895_INT Pin=J11-1
Change Component Footprint: Designator=J6 Old Footprint=CASTELLATED_CONNECTOR New Footprint=castellated_small
Change Component Footprint: Designator=J9 Old Footprint=CASTELLATED_CONNECTOR New Footprint=castellated_small
Change Component Footprint: Designator=J10 Old Footprint=CASTELLATED_CONNECTOR New Footprint=castellated_small
Change Component Footprint: Designator=J11 Old Footprint=CASTELLATED_CONNECTOR New Footprint=castellated_small
Change Component Comment : Designator=J6 Old Comment=cas New Comment=CS
Change Component Comment : Designator=J9 Old Comment=cas New Comment=CS
Change Component Comment : Designator=J10 Old Comment=cas New Comment=CS
Change Component Comment : Designator=J11 Old Comment=cas New Comment=CS
Added Component: Designator=D1(0603_LED)
Add component (AddParameter): Name = "ComponentLink1Description"; Value = "SupplierURL"; VariantName = "[No Variations]"
Add component (AddParameter): Name = "ComponentLink1URL"; Value = "https://www.digikey.com/en/products/detail/kingbright/APHD1608LZGCK/7043068"; VariantName = "[No Variations]"
Add component (AddParameter): Name = "ManufacturerPartNumber"; Value = "APHD1608LZGCK"; VariantName = "[No Variations]"
Add component (AddParameter): Name = "MaxTemp"; Value = "+85"; VariantName = "[No Variations]"
Add component (AddParameter): Name = "MinTemp"; Value = "-40"; VariantName = "[No Variations]"
Add component (AddParameter): Name = "PartStatus"; Value = "Active"; VariantName = "[No Variations]"
Add component (AddParameter): Name = "Price"; Value = "0.68"; VariantName = "[No Variations]"
Add component (AddParameter): Name = "SupplierPartNumber"; Value = "754-2036-1-ND"; VariantName = "[No Variations]"
Added Component: Designator=J12(castellated_small)
Added Component: Designator=R10(RESISTOR0603)
Add component (AddParameter): Name = "ComponentLink1Description"; Value = "SupplierURL"; VariantName = "[No Variations]"
Add component (AddParameter): Name = "ComponentLink1URL"; Value = "https://www.digikey.com/en/products/detail/stackpole-electronics-inc/RMCF0603JT10K0/1758104"; VariantName = "[No Variations]"
Add component (AddParameter): Name = "Manufacturer"; Value = "Stackpole Electronics Inc"; VariantName = "[No Variations]"
Add component (AddParameter): Name = "ManufacturerPartNumber"; Value = "RMCF0603JT10K0"; VariantName = "[No Variations]"
Add component (AddParameter): Name = "MaxTemp"; Value = "155°C"; VariantName = "[No Variations]"
Add component (AddParameter): Name = "MinTemp"; Value = "-55°C"; VariantName = "[No Variations]"
Add component (AddParameter): Name = "PartStatus"; Value = "Active"; VariantName = "[No Variations]"
Add component (AddParameter): Name = "Price"; Value = "0.10"; VariantName = "[No Variations]"
Add component (AddParameter): Name = "Supplier"; Value = "Digikey"; VariantName = "[No Variations]"
Add component (AddParameter): Name = "SupplierPartNumber"; Value = "RMCF0603JT10K0CT-ND"; VariantName = "[No Variations]"
Added Pin To Net: NetName=BQ25895_STAT Pin=D1-2
Added Pin To Net: NetName=BQ25895_STAT Pin=J9-1
Added Pin To Net: NetName=BQ25895_STAT Pin=J9-1
Added Pin To Net: NetName=BQ25895_SCL Pin=J10-1
Added Pin To Net: NetName=BQ25895_SCL Pin=J10-1
Added Pin To Net: NetName=BQ25895_SDA Pin=J11-1
Added Pin To Net: NetName=BQ25895_SDA Pin=J11-1
Added Pin To Net: NetName=BQ25895_INT Pin=J12-1
Added Pin To Net: NetName=BQ25895_INT Pin=J12-1
Added Pin To Net: NetName=VSYS Pin=R10-2
Added Pin To Net: NetName=NetD1_1 Pin=D1-1
Added Pin To Net: NetName=NetD1_1 Pin=R10-1
Added Net: Name=NetD1_1
Added Member To Class: ClassName=[01]BQ25895_BMS Member=Component D1 Green LED
Added Member To Class: ClassName=[01]BQ25895_BMS Member=Component J12 CS
Added Member To Class: ClassName=[01]BQ25895_BMS Member=Component R10 10K
Added Room: Name=[01]BQ25895_BMS
